CRITICAL - 2023-05-26 01:58:46 --> The original file is not a valid file.
in SYSTEMPATH\HTTP\Files\UploadedFile.php on line 137.
 1 SYSTEMPATH\HTTP\Files\UploadedFile.php(137): CodeIgniter\HTTP\Exceptions\HTTPException::forInvalidFile()
 2 APPPATH\Controllers\Backend\BannersController.php(30): CodeIgniter\HTTP\Files\UploadedFile->move('D:\\Ilham\\BTI-Projects\\landingpage-smart\\writable\\uploads/', '1685066326_9ef6a2e02cfc1c0cf8fe')
 3 SYSTEMPATH\CodeIgniter.php(934): App\Controllers\Backend\BannersController->create()
 4 SYSTEMPATH\CodeIgniter.php(499): CodeIgniter\CodeIgniter->runController(Object(App\Controllers\Backend\BannersController))
 5 SYSTEMPATH\CodeIgniter.php(368): CodeIgniter\CodeIgniter->handleRequest(null, Object(Config\Cache), false)
 6 FCPATH\index.php(67): CodeIgniter\CodeIgniter->run()
CRITICAL - 2023-05-26 02:12:01 --> The original file is not a valid file.
in SYSTEMPATH\HTTP\Files\UploadedFile.php on line 137.
 1 SYSTEMPATH\HTTP\Files\UploadedFile.php(137): CodeIgniter\HTTP\Exceptions\HTTPException::forInvalidFile()
 2 APPPATH\Controllers\Backend\BannersController.php(76): CodeIgniter\HTTP\Files\UploadedFile->move('D:\\Ilham\\BTI-Projects\\landingpage-smart\\writable\\uploads/', '1685067121_308cc77139e3a7fefcf8')
 3 SYSTEMPATH\CodeIgniter.php(934): App\Controllers\Backend\BannersController->update('11')
 4 SYSTEMPATH\CodeIgniter.php(499): CodeIgniter\CodeIgniter->runController(Object(App\Controllers\Backend\BannersController))
 5 SYSTEMPATH\CodeIgniter.php(368): CodeIgniter\CodeIgniter->handleRequest(null, Object(Config\Cache), false)
 6 FCPATH\index.php(67): CodeIgniter\CodeIgniter->run()
CRITICAL - 2023-05-26 02:12:09 --> The original file is not a valid file.
in SYSTEMPATH\HTTP\Files\UploadedFile.php on line 137.
 1 SYSTEMPATH\HTTP\Files\UploadedFile.php(137): CodeIgniter\HTTP\Exceptions\HTTPException::forInvalidFile()
 2 APPPATH\Controllers\Backend\BannersController.php(76): CodeIgniter\HTTP\Files\UploadedFile->move('D:\\Ilham\\BTI-Projects\\landingpage-smart\\writable\\uploads/', '1685067129_9f70bb58d0ab27827bd3')
 3 SYSTEMPATH\CodeIgniter.php(934): App\Controllers\Backend\BannersController->update('11')
 4 SYSTEMPATH\CodeIgniter.php(499): CodeIgniter\CodeIgniter->runController(Object(App\Controllers\Backend\BannersController))
 5 SYSTEMPATH\CodeIgniter.php(368): CodeIgniter\CodeIgniter->handleRequest(null, Object(Config\Cache), false)
 6 FCPATH\index.php(67): CodeIgniter\CodeIgniter->run()
CRITICAL - 2023-05-26 02:12:30 --> The original file is not a valid file.
in SYSTEMPATH\HTTP\Files\UploadedFile.php on line 137.
 1 SYSTEMPATH\HTTP\Files\UploadedFile.php(137): CodeIgniter\HTTP\Exceptions\HTTPException::forInvalidFile()
 2 APPPATH\Controllers\Backend\BannersController.php(76): CodeIgniter\HTTP\Files\UploadedFile->move('D:\\Ilham\\BTI-Projects\\landingpage-smart\\writable\\uploads/', '1685067150_6a13106898cdfcf562c4')
 3 SYSTEMPATH\CodeIgniter.php(934): App\Controllers\Backend\BannersController->update('11')
 4 SYSTEMPATH\CodeIgniter.php(499): CodeIgniter\CodeIgniter->runController(Object(App\Controllers\Backend\BannersController))
 5 SYSTEMPATH\CodeIgniter.php(368): CodeIgniter\CodeIgniter->handleRequest(null, Object(Config\Cache), false)
 6 FCPATH\index.php(67): CodeIgniter\CodeIgniter->run()
CRITICAL - 2023-05-26 02:13:54 --> The original file is not a valid file.
in SYSTEMPATH\HTTP\Files\UploadedFile.php on line 137.
 1 SYSTEMPATH\HTTP\Files\UploadedFile.php(137): CodeIgniter\HTTP\Exceptions\HTTPException::forInvalidFile()
 2 APPPATH\Controllers\Backend\BannersController.php(31): CodeIgniter\HTTP\Files\UploadedFile->move('D:\\Ilham\\BTI-Projects\\landingpage-smart\\writable\\uploads/', '1685067234_90f23f7c485012023928')
 3 SYSTEMPATH\CodeIgniter.php(934): App\Controllers\Backend\BannersController->create()
 4 SYSTEMPATH\CodeIgniter.php(499): CodeIgniter\CodeIgniter->runController(Object(App\Controllers\Backend\BannersController))
 5 SYSTEMPATH\CodeIgniter.php(368): CodeIgniter\CodeIgniter->handleRequest(null, Object(Config\Cache), false)
 6 FCPATH\index.php(67): CodeIgniter\CodeIgniter->run()
CRITICAL - 2023-05-26 02:14:00 --> There is no data to update.
in SYSTEMPATH\BaseModel.php on line 1703.
 1 SYSTEMPATH\BaseModel.php(1703): CodeIgniter\Database\Exceptions\DataException::forEmptyDataset('update')
 2 SYSTEMPATH\BaseModel.php(910): CodeIgniter\BaseModel->transformDataToArray([], 'update')
 3 SYSTEMPATH\Model.php(756): CodeIgniter\BaseModel->update([...], Object(App\Entities\BannerEntity))
 4 SYSTEMPATH\BaseModel.php(690): CodeIgniter\Model->update('11', Object(App\Entities\BannerEntity))
 5 APPPATH\Controllers\Backend\BannersController.php(88): CodeIgniter\BaseModel->save(Object(App\Entities\BannerEntity))
 6 SYSTEMPATH\CodeIgniter.php(934): App\Controllers\Backend\BannersController->update('11')
 7 SYSTEMPATH\CodeIgniter.php(499): CodeIgniter\CodeIgniter->runController(Object(App\Controllers\Backend\BannersController))
 8 SYSTEMPATH\CodeIgniter.php(368): CodeIgniter\CodeIgniter->handleRequest(null, Object(Config\Cache), false)
 9 FCPATH\index.php(67): CodeIgniter\CodeIgniter->run()
CRITICAL - 2023-05-26 02:14:32 --> There is no data to update.
in SYSTEMPATH\BaseModel.php on line 1703.
 1 SYSTEMPATH\BaseModel.php(1703): CodeIgniter\Database\Exceptions\DataException::forEmptyDataset('update')
 2 SYSTEMPATH\BaseModel.php(910): CodeIgniter\BaseModel->transformDataToArray([], 'update')
 3 SYSTEMPATH\Model.php(756): CodeIgniter\BaseModel->update([...], Object(App\Entities\BannerEntity))
 4 SYSTEMPATH\BaseModel.php(690): CodeIgniter\Model->update('11', Object(App\Entities\BannerEntity))
 5 APPPATH\Controllers\Backend\BannersController.php(88): CodeIgniter\BaseModel->save(Object(App\Entities\BannerEntity))
 6 SYSTEMPATH\CodeIgniter.php(934): App\Controllers\Backend\BannersController->update('11')
 7 SYSTEMPATH\CodeIgniter.php(499): CodeIgniter\CodeIgniter->runController(Object(App\Controllers\Backend\BannersController))
 8 SYSTEMPATH\CodeIgniter.php(368): CodeIgniter\CodeIgniter->handleRequest(null, Object(Config\Cache), false)
 9 FCPATH\index.php(67): CodeIgniter\CodeIgniter->run()
CRITICAL - 2023-05-26 02:15:08 --> There is no data to update.
in SYSTEMPATH\BaseModel.php on line 1703.
 1 SYSTEMPATH\BaseModel.php(1703): CodeIgniter\Database\Exceptions\DataException::forEmptyDataset('update')
 2 SYSTEMPATH\BaseModel.php(910): CodeIgniter\BaseModel->transformDataToArray([], 'update')
 3 SYSTEMPATH\Model.php(756): CodeIgniter\BaseModel->update([...], Object(App\Entities\BannerEntity))
 4 SYSTEMPATH\BaseModel.php(690): CodeIgniter\Model->update('11', Object(App\Entities\BannerEntity))
 5 APPPATH\Controllers\Backend\BannersController.php(88): CodeIgniter\BaseModel->save(Object(App\Entities\BannerEntity))
 6 SYSTEMPATH\CodeIgniter.php(934): App\Controllers\Backend\BannersController->update('11')
 7 SYSTEMPATH\CodeIgniter.php(499): CodeIgniter\CodeIgniter->runController(Object(App\Controllers\Backend\BannersController))
 8 SYSTEMPATH\CodeIgniter.php(368): CodeIgniter\CodeIgniter->handleRequest(null, Object(Config\Cache), false)
 9 FCPATH\index.php(67): CodeIgniter\CodeIgniter->run()
CRITICAL - 2023-05-26 02:18:40 --> There is no data to update.
in SYSTEMPATH\BaseModel.php on line 1680.
 1 SYSTEMPATH\BaseModel.php(1680): CodeIgniter\Database\Exceptions\DataException::forEmptyDataset('update')
 2 SYSTEMPATH\BaseModel.php(910): CodeIgniter\BaseModel->transformDataToArray(null, 'update')
 3 SYSTEMPATH\Model.php(756): CodeIgniter\BaseModel->update(Object(App\Entities\BannerEntity), null)
 4 APPPATH\Controllers\Backend\BannersController.php(91): CodeIgniter\Model->update(Object(App\Entities\BannerEntity))
 5 SYSTEMPATH\CodeIgniter.php(934): App\Controllers\Backend\BannersController->update('11')
 6 SYSTEMPATH\CodeIgniter.php(499): CodeIgniter\CodeIgniter->runController(Object(App\Controllers\Backend\BannersController))
 7 SYSTEMPATH\CodeIgniter.php(368): CodeIgniter\CodeIgniter->handleRequest(null, Object(Config\Cache), false)
 8 FCPATH\index.php(67): CodeIgniter\CodeIgniter->run()
CRITICAL - 2023-05-26 02:18:48 --> There is no data to update.
in SYSTEMPATH\BaseModel.php on line 1680.
 1 SYSTEMPATH\BaseModel.php(1680): CodeIgniter\Database\Exceptions\DataException::forEmptyDataset('update')
 2 SYSTEMPATH\BaseModel.php(910): CodeIgniter\BaseModel->transformDataToArray(null, 'update')
 3 SYSTEMPATH\Model.php(756): CodeIgniter\BaseModel->update(Object(App\Entities\BannerEntity), null)
 4 APPPATH\Controllers\Backend\BannersController.php(91): CodeIgniter\Model->update(Object(App\Entities\BannerEntity))
 5 SYSTEMPATH\CodeIgniter.php(934): App\Controllers\Backend\BannersController->update('11')
 6 SYSTEMPATH\CodeIgniter.php(499): CodeIgniter\CodeIgniter->runController(Object(App\Controllers\Backend\BannersController))
 7 SYSTEMPATH\CodeIgniter.php(368): CodeIgniter\CodeIgniter->handleRequest(null, Object(Config\Cache), false)
 8 FCPATH\index.php(67): CodeIgniter\CodeIgniter->run()
CRITICAL - 2023-05-26 02:18:56 --> There is no data to update.
in SYSTEMPATH\BaseModel.php on line 1680.
 1 SYSTEMPATH\BaseModel.php(1680): CodeIgniter\Database\Exceptions\DataException::forEmptyDataset('update')
 2 SYSTEMPATH\BaseModel.php(910): CodeIgniter\BaseModel->transformDataToArray(null, 'update')
 3 SYSTEMPATH\Model.php(756): CodeIgniter\BaseModel->update(Object(App\Entities\BannerEntity), null)
 4 APPPATH\Controllers\Backend\BannersController.php(91): CodeIgniter\Model->update(Object(App\Entities\BannerEntity))
 5 SYSTEMPATH\CodeIgniter.php(934): App\Controllers\Backend\BannersController->update('11')
 6 SYSTEMPATH\CodeIgniter.php(499): CodeIgniter\CodeIgniter->runController(Object(App\Controllers\Backend\BannersController))
 7 SYSTEMPATH\CodeIgniter.php(368): CodeIgniter\CodeIgniter->handleRequest(null, Object(Config\Cache), false)
 8 FCPATH\index.php(67): CodeIgniter\CodeIgniter->run()
CRITICAL - 2023-05-26 02:20:17 --> file_exists() expects exactly 1 parameter, 2 given
in APPPATH\Controllers\Backend\BannersController.php on line 77.
 1 [internal function]: CodeIgniter\Debug\Exceptions->errorHandler(2, 'file_exists() expects exactly 1 parameter, 2 given', 'D:\\Ilham\\BTI-Projects\\landingpage-smart\\app\\Controllers\\Backend\\BannersController.php', 77, [...])
 2 APPPATH\Controllers\Backend\BannersController.php(77): file_exists('D:\\Ilham\\BTI-Projects\\landingpage-smart\\writable\\uploads/', '1685065816_1b8bd364a5870fedb1da.jpg')
 3 SYSTEMPATH\CodeIgniter.php(934): App\Controllers\Backend\BannersController->update('11')
 4 SYSTEMPATH\CodeIgniter.php(499): CodeIgniter\CodeIgniter->runController(Object(App\Controllers\Backend\BannersController))
 5 SYSTEMPATH\CodeIgniter.php(368): CodeIgniter\CodeIgniter->handleRequest(null, Object(Config\Cache), false)
 6 FCPATH\index.php(67): CodeIgniter\CodeIgniter->run()
CRITICAL - 2023-05-26 03:12:33 --> compact(): Undefined variable: jenisPrograms
in APPPATH\Controllers\Backend\JenisProgramController.php on line 13.
 1 [internal function]: CodeIgniter\Debug\Exceptions->errorHandler(8, 'compact(): Undefined variable: jenisPrograms', 'D:\\Ilham\\BTI-Projects\\landingpage-smart\\app\\Controllers\\Backend\\JenisProgramController.php', 13, [...])
 2 APPPATH\Controllers\Backend\JenisProgramController.php(13): compact('jenisPrograms')
 3 SYSTEMPATH\CodeIgniter.php(934): App\Controllers\Backend\JenisProgramController->index()
 4 SYSTEMPATH\CodeIgniter.php(499): CodeIgniter\CodeIgniter->runController(Object(App\Controllers\Backend\JenisProgramController))
 5 SYSTEMPATH\CodeIgniter.php(368): CodeIgniter\CodeIgniter->handleRequest(null, Object(Config\Cache), false)
 6 FCPATH\index.php(67): CodeIgniter\CodeIgniter->run()
CRITICAL - 2023-05-26 03:12:38 --> Undefined variable: banners
in APPPATH\Views\backend\jenis-program\index.php on line 18.
 1 APPPATH\Views\backend\jenis-program\index.php(18): CodeIgniter\Debug\Exceptions->errorHandler(8, 'Undefined variable: banners', 'D:\\Ilham\\BTI-Projects\\landingpage-smart\\app\\Views\\backend\\jenis-program\\index.php', 18, [...])
 2 SYSTEMPATH\View\View.php(213): include('D:\\Ilham\\BTI-Projects\\landingpage-smart\\app\\Views\\backend\\jenis-program\\index.php')
 3 SYSTEMPATH\View\View.php(216): CodeIgniter\View\View->CodeIgniter\View\{closure}()
 4 SYSTEMPATH\Common.php(1184): CodeIgniter\View\View->render('backend/jenis-program/index', [], true)
 5 APPPATH\Controllers\Backend\JenisProgramController.php(14): view('backend/jenis-program/index', [...])
 6 SYSTEMPATH\CodeIgniter.php(934): App\Controllers\Backend\JenisProgramController->index()
 7 SYSTEMPATH\CodeIgniter.php(499): CodeIgniter\CodeIgniter->runController(Object(App\Controllers\Backend\JenisProgramController))
 8 SYSTEMPATH\CodeIgniter.php(368): CodeIgniter\CodeIgniter->handleRequest(null, Object(Config\Cache), false)
 9 FCPATH\index.php(67): CodeIgniter\CodeIgniter->run()
CRITICAL - 2023-05-26 03:12:56 --> Undefined index: image_url
in APPPATH\Views\backend\jenis-program\index.php on line 22.
 1 APPPATH\Views\backend\jenis-program\index.php(22): CodeIgniter\Debug\Exceptions->errorHandler(8, 'Undefined index: image_url', 'D:\\Ilham\\BTI-Projects\\landingpage-smart\\app\\Views\\backend\\jenis-program\\index.php', 22, [...])
 2 SYSTEMPATH\View\View.php(213): include('D:\\Ilham\\BTI-Projects\\landingpage-smart\\app\\Views\\backend\\jenis-program\\index.php')
 3 SYSTEMPATH\View\View.php(216): CodeIgniter\View\View->CodeIgniter\View\{closure}()
 4 SYSTEMPATH\Common.php(1184): CodeIgniter\View\View->render('backend/jenis-program/index', [], true)
 5 APPPATH\Controllers\Backend\JenisProgramController.php(14): view('backend/jenis-program/index', [...])
 6 SYSTEMPATH\CodeIgniter.php(934): App\Controllers\Backend\JenisProgramController->index()
 7 SYSTEMPATH\CodeIgniter.php(499): CodeIgniter\CodeIgniter->runController(Object(App\Controllers\Backend\JenisProgramController))
 8 SYSTEMPATH\CodeIgniter.php(368): CodeIgniter\CodeIgniter->handleRequest(null, Object(Config\Cache), false)
 9 FCPATH\index.php(67): CodeIgniter\CodeIgniter->run()
CRITICAL - 2023-05-26 04:16:49 --> Undefined variable: idJenisProgram
in APPPATH\Views\backend\jenis-program-detail\create.php on line 15.
 1 APPPATH\Views\backend\jenis-program-detail\create.php(15): CodeIgniter\Debug\Exceptions->errorHandler(8, 'Undefined variable: idJenisProgram', 'D:\\Ilham\\BTI-Projects\\landingpage-smart\\app\\Views\\backend\\jenis-program-detail\\create.php', 15, [])
 2 SYSTEMPATH\View\View.php(213): include('D:\\Ilham\\BTI-Projects\\landingpage-smart\\app\\Views\\backend\\jenis-program-detail\\create.php')
 3 SYSTEMPATH\View\View.php(216): CodeIgniter\View\View->CodeIgniter\View\{closure}()
 4 SYSTEMPATH\Common.php(1184): CodeIgniter\View\View->render('backend/jenis-program-detail/create', [], true)
 5 APPPATH\Controllers\Backend\JenisProgramDetailController.php(52): view('backend/jenis-program-detail/create')
 6 SYSTEMPATH\CodeIgniter.php(934): App\Controllers\Backend\JenisProgramDetailController->create('1')
 7 SYSTEMPATH\CodeIgniter.php(499): CodeIgniter\CodeIgniter->runController(Object(App\Controllers\Backend\JenisProgramDetailController))
 8 SYSTEMPATH\CodeIgniter.php(368): CodeIgniter\CodeIgniter->handleRequest(null, Object(Config\Cache), false)
 9 FCPATH\index.php(67): CodeIgniter\CodeIgniter->run()
CRITICAL - 2023-05-26 04:16:57 --> Undefined variable: idJenisProgram
in APPPATH\Views\backend\jenis-program-detail\create.php on line 15.
 1 APPPATH\Views\backend\jenis-program-detail\create.php(15): CodeIgniter\Debug\Exceptions->errorHandler(8, 'Undefined variable: idJenisProgram', 'D:\\Ilham\\BTI-Projects\\landingpage-smart\\app\\Views\\backend\\jenis-program-detail\\create.php', 15, [])
 2 SYSTEMPATH\View\View.php(213): include('D:\\Ilham\\BTI-Projects\\landingpage-smart\\app\\Views\\backend\\jenis-program-detail\\create.php')
 3 SYSTEMPATH\View\View.php(216): CodeIgniter\View\View->CodeIgniter\View\{closure}()
 4 SYSTEMPATH\Common.php(1184): CodeIgniter\View\View->render('backend/jenis-program-detail/create', [], true)
 5 APPPATH\Controllers\Backend\JenisProgramDetailController.php(52): view('backend/jenis-program-detail/create')
 6 SYSTEMPATH\CodeIgniter.php(934): App\Controllers\Backend\JenisProgramDetailController->create('1')
 7 SYSTEMPATH\CodeIgniter.php(499): CodeIgniter\CodeIgniter->runController(Object(App\Controllers\Backend\JenisProgramDetailController))
 8 SYSTEMPATH\CodeIgniter.php(368): CodeIgniter\CodeIgniter->handleRequest(null, Object(Config\Cache), false)
 9 FCPATH\index.php(67): CodeIgniter\CodeIgniter->run()
CRITICAL - 2023-05-26 04:18:10 --> Undefined variable: idJenisProgram
in APPPATH\Views\backend\jenis-program-detail\create.php on line 15.
 1 APPPATH\Views\backend\jenis-program-detail\create.php(15): CodeIgniter\Debug\Exceptions->errorHandler(8, 'Undefined variable: idJenisProgram', 'D:\\Ilham\\BTI-Projects\\landingpage-smart\\app\\Views\\backend\\jenis-program-detail\\create.php', 15, [])
 2 SYSTEMPATH\View\View.php(213): include('D:\\Ilham\\BTI-Projects\\landingpage-smart\\app\\Views\\backend\\jenis-program-detail\\create.php')
 3 SYSTEMPATH\View\View.php(216): CodeIgniter\View\View->CodeIgniter\View\{closure}()
 4 SYSTEMPATH\Common.php(1184): CodeIgniter\View\View->render('backend/jenis-program-detail/create', [], true)
 5 APPPATH\Controllers\Backend\JenisProgramDetailController.php(52): view('backend/jenis-program-detail/create')
 6 SYSTEMPATH\CodeIgniter.php(934): App\Controllers\Backend\JenisProgramDetailController->create('1')
 7 SYSTEMPATH\CodeIgniter.php(499): CodeIgniter\CodeIgniter->runController(Object(App\Controllers\Backend\JenisProgramDetailController))
 8 SYSTEMPATH\CodeIgniter.php(368): CodeIgniter\CodeIgniter->handleRequest(null, Object(Config\Cache), false)
 9 FCPATH\index.php(67): CodeIgniter\CodeIgniter->run()
CRITICAL - 2023-05-26 04:26:31 --> The original file is not a valid file.
in SYSTEMPATH\HTTP\Files\UploadedFile.php on line 137.
 1 SYSTEMPATH\HTTP\Files\UploadedFile.php(137): CodeIgniter\HTTP\Exceptions\HTTPException::forInvalidFile()
 2 APPPATH\Controllers\Backend\JenisProgramDetailController.php(22): CodeIgniter\HTTP\Files\UploadedFile->move('D:\\Ilham\\BTI-Projects\\landingpage-smart\\writable\\uploads/', '1685075191_4dfef20dc13249dc2739')
 3 SYSTEMPATH\CodeIgniter.php(934): App\Controllers\Backend\JenisProgramDetailController->create('1')
 4 SYSTEMPATH\CodeIgniter.php(499): CodeIgniter\CodeIgniter->runController(Object(App\Controllers\Backend\JenisProgramDetailController))
 5 SYSTEMPATH\CodeIgniter.php(368): CodeIgniter\CodeIgniter->handleRequest(null, Object(Config\Cache), false)
 6 FCPATH\index.php(67): CodeIgniter\CodeIgniter->run()
CRITICAL - 2023-05-26 04:26:34 --> The original file is not a valid file.
in SYSTEMPATH\HTTP\Files\UploadedFile.php on line 137.
 1 SYSTEMPATH\HTTP\Files\UploadedFile.php(137): CodeIgniter\HTTP\Exceptions\HTTPException::forInvalidFile()
 2 APPPATH\Controllers\Backend\JenisProgramDetailController.php(22): CodeIgniter\HTTP\Files\UploadedFile->move('D:\\Ilham\\BTI-Projects\\landingpage-smart\\writable\\uploads/', '1685075194_800646a7873ba3841447')
 3 SYSTEMPATH\CodeIgniter.php(934): App\Controllers\Backend\JenisProgramDetailController->create('1')
 4 SYSTEMPATH\CodeIgniter.php(499): CodeIgniter\CodeIgniter->runController(Object(App\Controllers\Backend\JenisProgramDetailController))
 5 SYSTEMPATH\CodeIgniter.php(368): CodeIgniter\CodeIgniter->handleRequest(null, Object(Config\Cache), false)
 6 FCPATH\index.php(67): CodeIgniter\CodeIgniter->run()
CRITICAL - 2023-05-26 06:43:06 --> Creating default object from empty value
in APPPATH\Controllers\Backend\JenisProgramDetailController.php on line 74.
 1 APPPATH\Controllers\Backend\JenisProgramDetailController.php(74): CodeIgniter\Debug\Exceptions->errorHandler(2, 'Creating default object from empty value', 'D:\\Ilham\\BTI-Projects\\landingpage-smart\\app\\Controllers\\Backend\\JenisProgramDetailController.php', 74, [...])
 2 SYSTEMPATH\CodeIgniter.php(934): App\Controllers\Backend\JenisProgramDetailController->update('1')
 3 SYSTEMPATH\CodeIgniter.php(499): CodeIgniter\CodeIgniter->runController(Object(App\Controllers\Backend\JenisProgramDetailController))
 4 SYSTEMPATH\CodeIgniter.php(368): CodeIgniter\CodeIgniter->handleRequest(null, Object(Config\Cache), false)
 5 FCPATH\index.php(67): CodeIgniter\CodeIgniter->run()
CRITICAL - 2023-05-26 06:46:27 --> Trying to access array offset on value of type null
in APPPATH\Views\backend\jenis-program-detail\delete.php on line 1.
 1 APPPATH\Views\backend\jenis-program-detail\delete.php(1): CodeIgniter\Debug\Exceptions->errorHandler(8, 'Trying to access array offset on value of type null', 'D:\\Ilham\\BTI-Projects\\landingpage-smart\\app\\Views\\backend\\jenis-program-detail\\delete.php', 1, [...])
 2 SYSTEMPATH\View\View.php(213): include('D:\\Ilham\\BTI-Projects\\landingpage-smart\\app\\Views\\backend\\jenis-program-detail\\delete.php')
 3 SYSTEMPATH\View\View.php(216): CodeIgniter\View\View->CodeIgniter\View\{closure}()
 4 SYSTEMPATH\Common.php(1184): CodeIgniter\View\View->render('backend/jenis-program-detail/delete', [], true)
 5 APPPATH\Controllers\Backend\JenisProgramDetailController.php(128): view('backend/jenis-program-detail/delete', [...])
 6 SYSTEMPATH\CodeIgniter.php(934): App\Controllers\Backend\JenisProgramDetailController->delete('1')
 7 SYSTEMPATH\CodeIgniter.php(499): CodeIgniter\CodeIgniter->runController(Object(App\Controllers\Backend\JenisProgramDetailController))
 8 SYSTEMPATH\CodeIgniter.php(368): CodeIgniter\CodeIgniter->handleRequest(null, Object(Config\Cache), false)
 9 FCPATH\index.php(67): CodeIgniter\CodeIgniter->run()
CRITICAL - 2023-05-26 06:47:15 --> Trying to access array offset on value of type null
in APPPATH\Views\backend\jenis-program-detail\delete.php on line 1.
 1 APPPATH\Views\backend\jenis-program-detail\delete.php(1): CodeIgniter\Debug\Exceptions->errorHandler(8, 'Trying to access array offset on value of type null', 'D:\\Ilham\\BTI-Projects\\landingpage-smart\\app\\Views\\backend\\jenis-program-detail\\delete.php', 1, [...])
 2 SYSTEMPATH\View\View.php(213): include('D:\\Ilham\\BTI-Projects\\landingpage-smart\\app\\Views\\backend\\jenis-program-detail\\delete.php')
 3 SYSTEMPATH\View\View.php(216): CodeIgniter\View\View->CodeIgniter\View\{closure}()
 4 SYSTEMPATH\Common.php(1184): CodeIgniter\View\View->render('backend/jenis-program-detail/delete', [], true)
 5 APPPATH\Controllers\Backend\JenisProgramDetailController.php(128): view('backend/jenis-program-detail/delete', [...])
 6 SYSTEMPATH\CodeIgniter.php(934): App\Controllers\Backend\JenisProgramDetailController->delete('1')
 7 SYSTEMPATH\CodeIgniter.php(499): CodeIgniter\CodeIgniter->runController(Object(App\Controllers\Backend\JenisProgramDetailController))
 8 SYSTEMPATH\CodeIgniter.php(368): CodeIgniter\CodeIgniter->handleRequest(null, Object(Config\Cache), false)
 9 FCPATH\index.php(67): CodeIgniter\CodeIgniter->run()
CRITICAL - 2023-05-26 06:47:18 --> Trying to access array offset on value of type null
in APPPATH\Views\backend\jenis-program-detail\delete.php on line 1.
 1 APPPATH\Views\backend\jenis-program-detail\delete.php(1): CodeIgniter\Debug\Exceptions->errorHandler(8, 'Trying to access array offset on value of type null', 'D:\\Ilham\\BTI-Projects\\landingpage-smart\\app\\Views\\backend\\jenis-program-detail\\delete.php', 1, [...])
 2 SYSTEMPATH\View\View.php(213): include('D:\\Ilham\\BTI-Projects\\landingpage-smart\\app\\Views\\backend\\jenis-program-detail\\delete.php')
 3 SYSTEMPATH\View\View.php(216): CodeIgniter\View\View->CodeIgniter\View\{closure}()
 4 SYSTEMPATH\Common.php(1184): CodeIgniter\View\View->render('backend/jenis-program-detail/delete', [], true)
 5 APPPATH\Controllers\Backend\JenisProgramDetailController.php(128): view('backend/jenis-program-detail/delete', [...])
 6 SYSTEMPATH\CodeIgniter.php(934): App\Controllers\Backend\JenisProgramDetailController->delete('1')
 7 SYSTEMPATH\CodeIgniter.php(499): CodeIgniter\CodeIgniter->runController(Object(App\Controllers\Backend\JenisProgramDetailController))
 8 SYSTEMPATH\CodeIgniter.php(368): CodeIgniter\CodeIgniter->handleRequest(null, Object(Config\Cache), false)
 9 FCPATH\index.php(67): CodeIgniter\CodeIgniter->run()
CRITICAL - 2023-05-26 06:47:30 --> Trying to access array offset on value of type null
in APPPATH\Views\backend\jenis-program-detail\delete.php on line 1.
 1 APPPATH\Views\backend\jenis-program-detail\delete.php(1): CodeIgniter\Debug\Exceptions->errorHandler(8, 'Trying to access array offset on value of type null', 'D:\\Ilham\\BTI-Projects\\landingpage-smart\\app\\Views\\backend\\jenis-program-detail\\delete.php', 1, [...])
 2 SYSTEMPATH\View\View.php(213): include('D:\\Ilham\\BTI-Projects\\landingpage-smart\\app\\Views\\backend\\jenis-program-detail\\delete.php')
 3 SYSTEMPATH\View\View.php(216): CodeIgniter\View\View->CodeIgniter\View\{closure}()
 4 SYSTEMPATH\Common.php(1184): CodeIgniter\View\View->render('backend/jenis-program-detail/delete', [], true)
 5 APPPATH\Controllers\Backend\JenisProgramDetailController.php(128): view('backend/jenis-program-detail/delete', [...])
 6 SYSTEMPATH\CodeIgniter.php(934): App\Controllers\Backend\JenisProgramDetailController->delete('1')
 7 SYSTEMPATH\CodeIgniter.php(499): CodeIgniter\CodeIgniter->runController(Object(App\Controllers\Backend\JenisProgramDetailController))
 8 SYSTEMPATH\CodeIgniter.php(368): CodeIgniter\CodeIgniter->handleRequest(null, Object(Config\Cache), false)
 9 FCPATH\index.php(67): CodeIgniter\CodeIgniter->run()
CRITICAL - 2023-05-26 06:51:59 --> Undefined variable: banner
in APPPATH\Views\backend\jenis-program-detail\delete.php on line 1.
 1 APPPATH\Views\backend\jenis-program-detail\delete.php(1): CodeIgniter\Debug\Exceptions->errorHandler(8, 'Undefined variable: banner', 'D:\\Ilham\\BTI-Projects\\landingpage-smart\\app\\Views\\backend\\jenis-program-detail\\delete.php', 1, [...])
 2 SYSTEMPATH\View\View.php(213): include('D:\\Ilham\\BTI-Projects\\landingpage-smart\\app\\Views\\backend\\jenis-program-detail\\delete.php')
 3 SYSTEMPATH\View\View.php(216): CodeIgniter\View\View->CodeIgniter\View\{closure}()
 4 SYSTEMPATH\Common.php(1184): CodeIgniter\View\View->render('backend/jenis-program-detail/delete', [], true)
 5 APPPATH\Controllers\Backend\JenisProgramDetailController.php(128): view('backend/jenis-program-detail/delete', [...])
 6 SYSTEMPATH\CodeIgniter.php(934): App\Controllers\Backend\JenisProgramDetailController->delete('1')
 7 SYSTEMPATH\CodeIgniter.php(499): CodeIgniter\CodeIgniter->runController(Object(App\Controllers\Backend\JenisProgramDetailController))
 8 SYSTEMPATH\CodeIgniter.php(368): CodeIgniter\CodeIgniter->handleRequest(null, Object(Config\Cache), false)
 9 FCPATH\index.php(67): CodeIgniter\CodeIgniter->run()
CRITICAL - 2023-05-26 06:54:14 --> Undefined variable: banner
in APPPATH\Views\backend\jenis-program-detail\delete.php on line 1.
 1 APPPATH\Views\backend\jenis-program-detail\delete.php(1): CodeIgniter\Debug\Exceptions->errorHandler(8, 'Undefined variable: banner', 'D:\\Ilham\\BTI-Projects\\landingpage-smart\\app\\Views\\backend\\jenis-program-detail\\delete.php', 1, [...])
 2 SYSTEMPATH\View\View.php(213): include('D:\\Ilham\\BTI-Projects\\landingpage-smart\\app\\Views\\backend\\jenis-program-detail\\delete.php')
 3 SYSTEMPATH\View\View.php(216): CodeIgniter\View\View->CodeIgniter\View\{closure}()
 4 SYSTEMPATH\Common.php(1184): CodeIgniter\View\View->render('backend/jenis-program-detail/delete', [], true)
 5 APPPATH\Controllers\Backend\JenisProgramDetailController.php(128): view('backend/jenis-program-detail/delete', [...])
 6 SYSTEMPATH\CodeIgniter.php(934): App\Controllers\Backend\JenisProgramDetailController->delete('1')
 7 SYSTEMPATH\CodeIgniter.php(499): CodeIgniter\CodeIgniter->runController(Object(App\Controllers\Backend\JenisProgramDetailController))
 8 SYSTEMPATH\CodeIgniter.php(368): CodeIgniter\CodeIgniter->handleRequest(null, Object(Config\Cache), false)
 9 FCPATH\index.php(67): CodeIgniter\CodeIgniter->run()
CRITICAL - 2023-05-26 06:54:34 --> Undefined variable: banner
in APPPATH\Views\backend\jenis-program-detail\delete.php on line 1.
 1 APPPATH\Views\backend\jenis-program-detail\delete.php(1): CodeIgniter\Debug\Exceptions->errorHandler(8, 'Undefined variable: banner', 'D:\\Ilham\\BTI-Projects\\landingpage-smart\\app\\Views\\backend\\jenis-program-detail\\delete.php', 1, [...])
 2 SYSTEMPATH\View\View.php(213): include('D:\\Ilham\\BTI-Projects\\landingpage-smart\\app\\Views\\backend\\jenis-program-detail\\delete.php')
 3 SYSTEMPATH\View\View.php(216): CodeIgniter\View\View->CodeIgniter\View\{closure}()
 4 SYSTEMPATH\Common.php(1184): CodeIgniter\View\View->render('backend/jenis-program-detail/delete', [], true)
 5 APPPATH\Controllers\Backend\JenisProgramDetailController.php(128): view('backend/jenis-program-detail/delete', [...])
 6 SYSTEMPATH\CodeIgniter.php(934): App\Controllers\Backend\JenisProgramDetailController->delete('1')
 7 SYSTEMPATH\CodeIgniter.php(499): CodeIgniter\CodeIgniter->runController(Object(App\Controllers\Backend\JenisProgramDetailController))
 8 SYSTEMPATH\CodeIgniter.php(368): CodeIgniter\CodeIgniter->handleRequest(null, Object(Config\Cache), false)
 9 FCPATH\index.php(67): CodeIgniter\CodeIgniter->run()
CRITICAL - 2023-05-26 06:55:42 --> Undefined variable: banner
in APPPATH\Views\backend\jenis-program-detail\delete.php on line 1.
 1 APPPATH\Views\backend\jenis-program-detail\delete.php(1): CodeIgniter\Debug\Exceptions->errorHandler(8, 'Undefined variable: banner', 'D:\\Ilham\\BTI-Projects\\landingpage-smart\\app\\Views\\backend\\jenis-program-detail\\delete.php', 1, [...])
 2 SYSTEMPATH\View\View.php(213): include('D:\\Ilham\\BTI-Projects\\landingpage-smart\\app\\Views\\backend\\jenis-program-detail\\delete.php')
 3 SYSTEMPATH\View\View.php(216): CodeIgniter\View\View->CodeIgniter\View\{closure}()
 4 SYSTEMPATH\Common.php(1184): CodeIgniter\View\View->render('backend/jenis-program-detail/delete', [], true)
 5 APPPATH\Controllers\Backend\JenisProgramDetailController.php(128): view('backend/jenis-program-detail/delete', [...])
 6 SYSTEMPATH\CodeIgniter.php(934): App\Controllers\Backend\JenisProgramDetailController->delete('1')
 7 SYSTEMPATH\CodeIgniter.php(499): CodeIgniter\CodeIgniter->runController(Object(App\Controllers\Backend\JenisProgramDetailController))
 8 SYSTEMPATH\CodeIgniter.php(368): CodeIgniter\CodeIgniter->handleRequest(null, Object(Config\Cache), false)
 9 FCPATH\index.php(67): CodeIgniter\CodeIgniter->run()
CRITICAL - 2023-05-26 06:56:28 --> Undefined variable: banner
in APPPATH\Views\backend\jenis-program-detail\delete.php on line 1.
 1 APPPATH\Views\backend\jenis-program-detail\delete.php(1): CodeIgniter\Debug\Exceptions->errorHandler(8, 'Undefined variable: banner', 'D:\\Ilham\\BTI-Projects\\landingpage-smart\\app\\Views\\backend\\jenis-program-detail\\delete.php', 1, [...])
 2 SYSTEMPATH\View\View.php(213): include('D:\\Ilham\\BTI-Projects\\landingpage-smart\\app\\Views\\backend\\jenis-program-detail\\delete.php')
 3 SYSTEMPATH\View\View.php(216): CodeIgniter\View\View->CodeIgniter\View\{closure}()
 4 SYSTEMPATH\Common.php(1184): CodeIgniter\View\View->render('backend/jenis-program-detail/delete', [], true)
 5 APPPATH\Controllers\Backend\JenisProgramDetailController.php(128): view('backend/jenis-program-detail/delete', [...])
 6 SYSTEMPATH\CodeIgniter.php(934): App\Controllers\Backend\JenisProgramDetailController->delete('2')
 7 SYSTEMPATH\CodeIgniter.php(499): CodeIgniter\CodeIgniter->runController(Object(App\Controllers\Backend\JenisProgramDetailController))
 8 SYSTEMPATH\CodeIgniter.php(368): CodeIgniter\CodeIgniter->handleRequest(null, Object(Config\Cache), false)
 9 FCPATH\index.php(67): CodeIgniter\CodeIgniter->run()
CRITICAL - 2023-05-26 06:56:30 --> Undefined variable: banner
in APPPATH\Views\backend\jenis-program-detail\delete.php on line 1.
 1 APPPATH\Views\backend\jenis-program-detail\delete.php(1): CodeIgniter\Debug\Exceptions->errorHandler(8, 'Undefined variable: banner', 'D:\\Ilham\\BTI-Projects\\landingpage-smart\\app\\Views\\backend\\jenis-program-detail\\delete.php', 1, [...])
 2 SYSTEMPATH\View\View.php(213): include('D:\\Ilham\\BTI-Projects\\landingpage-smart\\app\\Views\\backend\\jenis-program-detail\\delete.php')
 3 SYSTEMPATH\View\View.php(216): CodeIgniter\View\View->CodeIgniter\View\{closure}()
 4 SYSTEMPATH\Common.php(1184): CodeIgniter\View\View->render('backend/jenis-program-detail/delete', [], true)
 5 APPPATH\Controllers\Backend\JenisProgramDetailController.php(128): view('backend/jenis-program-detail/delete', [...])
 6 SYSTEMPATH\CodeIgniter.php(934): App\Controllers\Backend\JenisProgramDetailController->delete('6')
 7 SYSTEMPATH\CodeIgniter.php(499): CodeIgniter\CodeIgniter->runController(Object(App\Controllers\Backend\JenisProgramDetailController))
 8 SYSTEMPATH\CodeIgniter.php(368): CodeIgniter\CodeIgniter->handleRequest(null, Object(Config\Cache), false)
 9 FCPATH\index.php(67): CodeIgniter\CodeIgniter->run()
CRITICAL - 2023-05-26 06:56:32 --> Undefined variable: banner
in APPPATH\Views\backend\jenis-program-detail\delete.php on line 1.
 1 APPPATH\Views\backend\jenis-program-detail\delete.php(1): CodeIgniter\Debug\Exceptions->errorHandler(8, 'Undefined variable: banner', 'D:\\Ilham\\BTI-Projects\\landingpage-smart\\app\\Views\\backend\\jenis-program-detail\\delete.php', 1, [...])
 2 SYSTEMPATH\View\View.php(213): include('D:\\Ilham\\BTI-Projects\\landingpage-smart\\app\\Views\\backend\\jenis-program-detail\\delete.php')
 3 SYSTEMPATH\View\View.php(216): CodeIgniter\View\View->CodeIgniter\View\{closure}()
 4 SYSTEMPATH\Common.php(1184): CodeIgniter\View\View->render('backend/jenis-program-detail/delete', [], true)
 5 APPPATH\Controllers\Backend\JenisProgramDetailController.php(128): view('backend/jenis-program-detail/delete', [...])
 6 SYSTEMPATH\CodeIgniter.php(934): App\Controllers\Backend\JenisProgramDetailController->delete('5')
 7 SYSTEMPATH\CodeIgniter.php(499): CodeIgniter\CodeIgniter->runController(Object(App\Controllers\Backend\JenisProgramDetailController))
 8 SYSTEMPATH\CodeIgniter.php(368): CodeIgniter\CodeIgniter->handleRequest(null, Object(Config\Cache), false)
 9 FCPATH\index.php(67): CodeIgniter\CodeIgniter->run()
CRITICAL - 2023-05-26 06:56:34 --> Undefined variable: banner
in APPPATH\Views\backend\jenis-program-detail\delete.php on line 1.
 1 APPPATH\Views\backend\jenis-program-detail\delete.php(1): CodeIgniter\Debug\Exceptions->errorHandler(8, 'Undefined variable: banner', 'D:\\Ilham\\BTI-Projects\\landingpage-smart\\app\\Views\\backend\\jenis-program-detail\\delete.php', 1, [...])
 2 SYSTEMPATH\View\View.php(213): include('D:\\Ilham\\BTI-Projects\\landingpage-smart\\app\\Views\\backend\\jenis-program-detail\\delete.php')
 3 SYSTEMPATH\View\View.php(216): CodeIgniter\View\View->CodeIgniter\View\{closure}()
 4 SYSTEMPATH\Common.php(1184): CodeIgniter\View\View->render('backend/jenis-program-detail/delete', [], true)
 5 APPPATH\Controllers\Backend\JenisProgramDetailController.php(128): view('backend/jenis-program-detail/delete', [...])
 6 SYSTEMPATH\CodeIgniter.php(934): App\Controllers\Backend\JenisProgramDetailController->delete('6')
 7 SYSTEMPATH\CodeIgniter.php(499): CodeIgniter\CodeIgniter->runController(Object(App\Controllers\Backend\JenisProgramDetailController))
 8 SYSTEMPATH\CodeIgniter.php(368): CodeIgniter\CodeIgniter->handleRequest(null, Object(Config\Cache), false)
 9 FCPATH\index.php(67): CodeIgniter\CodeIgniter->run()
CRITICAL - 2023-05-26 06:56:54 --> Undefined variable: banner
in APPPATH\Views\backend\jenis-program-detail\delete.php on line 1.
 1 APPPATH\Views\backend\jenis-program-detail\delete.php(1): CodeIgniter\Debug\Exceptions->errorHandler(8, 'Undefined variable: banner', 'D:\\Ilham\\BTI-Projects\\landingpage-smart\\app\\Views\\backend\\jenis-program-detail\\delete.php', 1, [...])
 2 SYSTEMPATH\View\View.php(213): include('D:\\Ilham\\BTI-Projects\\landingpage-smart\\app\\Views\\backend\\jenis-program-detail\\delete.php')
 3 SYSTEMPATH\View\View.php(216): CodeIgniter\View\View->CodeIgniter\View\{closure}()
 4 SYSTEMPATH\Common.php(1184): CodeIgniter\View\View->render('backend/jenis-program-detail/delete', [], true)
 5 APPPATH\Controllers\Backend\JenisProgramDetailController.php(128): view('backend/jenis-program-detail/delete', [...])
 6 SYSTEMPATH\CodeIgniter.php(934): App\Controllers\Backend\JenisProgramDetailController->delete('1')
 7 SYSTEMPATH\CodeIgniter.php(499): CodeIgniter\CodeIgniter->runController(Object(App\Controllers\Backend\JenisProgramDetailController))
 8 SYSTEMPATH\CodeIgniter.php(368): CodeIgniter\CodeIgniter->handleRequest(null, Object(Config\Cache), false)
 9 FCPATH\index.php(67): CodeIgniter\CodeIgniter->run()
CRITICAL - 2023-05-26 06:57:24 --> Undefined variable: banner
in APPPATH\Views\backend\jenis-program-detail\delete.php on line 1.
 1 APPPATH\Views\backend\jenis-program-detail\delete.php(1): CodeIgniter\Debug\Exceptions->errorHandler(8, 'Undefined variable: banner', 'D:\\Ilham\\BTI-Projects\\landingpage-smart\\app\\Views\\backend\\jenis-program-detail\\delete.php', 1, [...])
 2 SYSTEMPATH\View\View.php(213): include('D:\\Ilham\\BTI-Projects\\landingpage-smart\\app\\Views\\backend\\jenis-program-detail\\delete.php')
 3 SYSTEMPATH\View\View.php(216): CodeIgniter\View\View->CodeIgniter\View\{closure}()
 4 SYSTEMPATH\Common.php(1184): CodeIgniter\View\View->render('backend/jenis-program-detail/delete', [], true)
 5 APPPATH\Controllers\Backend\JenisProgramDetailController.php(128): view('backend/jenis-program-detail/delete', [...])
 6 SYSTEMPATH\CodeIgniter.php(934): App\Controllers\Backend\JenisProgramDetailController->delete('1')
 7 SYSTEMPATH\CodeIgniter.php(499): CodeIgniter\CodeIgniter->runController(Object(App\Controllers\Backend\JenisProgramDetailController))
 8 SYSTEMPATH\CodeIgniter.php(368): CodeIgniter\CodeIgniter->handleRequest(null, Object(Config\Cache), false)
 9 FCPATH\index.php(67): CodeIgniter\CodeIgniter->run()
CRITICAL - 2023-05-26 06:57:39 --> Undefined variable: banner
in APPPATH\Views\backend\jenis-program-detail\delete.php on line 1.
 1 APPPATH\Views\backend\jenis-program-detail\delete.php(1): CodeIgniter\Debug\Exceptions->errorHandler(8, 'Undefined variable: banner', 'D:\\Ilham\\BTI-Projects\\landingpage-smart\\app\\Views\\backend\\jenis-program-detail\\delete.php', 1, [...])
 2 SYSTEMPATH\View\View.php(213): include('D:\\Ilham\\BTI-Projects\\landingpage-smart\\app\\Views\\backend\\jenis-program-detail\\delete.php')
 3 SYSTEMPATH\View\View.php(216): CodeIgniter\View\View->CodeIgniter\View\{closure}()
 4 SYSTEMPATH\Common.php(1184): CodeIgniter\View\View->render('backend/jenis-program-detail/delete', [], true)
 5 APPPATH\Controllers\Backend\JenisProgramDetailController.php(128): view('backend/jenis-program-detail/delete', [...])
 6 SYSTEMPATH\CodeIgniter.php(934): App\Controllers\Backend\JenisProgramDetailController->delete('1')
 7 SYSTEMPATH\CodeIgniter.php(499): CodeIgniter\CodeIgniter->runController(Object(App\Controllers\Backend\JenisProgramDetailController))
 8 SYSTEMPATH\CodeIgniter.php(368): CodeIgniter\CodeIgniter->handleRequest(null, Object(Config\Cache), false)
 9 FCPATH\index.php(67): CodeIgniter\CodeIgniter->run()
CRITICAL - 2023-05-26 06:59:22 --> Undefined variable: banner
in APPPATH\Views\backend\jenis-program-detail\delete.php on line 1.
 1 APPPATH\Views\backend\jenis-program-detail\delete.php(1): CodeIgniter\Debug\Exceptions->errorHandler(8, 'Undefined variable: banner', 'D:\\Ilham\\BTI-Projects\\landingpage-smart\\app\\Views\\backend\\jenis-program-detail\\delete.php', 1, [...])
 2 SYSTEMPATH\View\View.php(213): include('D:\\Ilham\\BTI-Projects\\landingpage-smart\\app\\Views\\backend\\jenis-program-detail\\delete.php')
 3 SYSTEMPATH\View\View.php(216): CodeIgniter\View\View->CodeIgniter\View\{closure}()
 4 SYSTEMPATH\Common.php(1184): CodeIgniter\View\View->render('backend/jenis-program-detail/delete', [], true)
 5 APPPATH\Controllers\Backend\JenisProgramDetailController.php(128): view('backend/jenis-program-detail/delete', [...])
 6 SYSTEMPATH\CodeIgniter.php(934): App\Controllers\Backend\JenisProgramDetailController->delete('1')
 7 SYSTEMPATH\CodeIgniter.php(499): CodeIgniter\CodeIgniter->runController(Object(App\Controllers\Backend\JenisProgramDetailController))
 8 SYSTEMPATH\CodeIgniter.php(368): CodeIgniter\CodeIgniter->handleRequest(null, Object(Config\Cache), false)
 9 FCPATH\index.php(67): CodeIgniter\CodeIgniter->run()
CRITICAL - 2023-05-26 07:00:45 --> Undefined variable: banner
in APPPATH\Views\backend\jenis-program-detail\delete.php on line 1.
 1 APPPATH\Views\backend\jenis-program-detail\delete.php(1): CodeIgniter\Debug\Exceptions->errorHandler(8, 'Undefined variable: banner', 'D:\\Ilham\\BTI-Projects\\landingpage-smart\\app\\Views\\backend\\jenis-program-detail\\delete.php', 1, [...])
 2 SYSTEMPATH\View\View.php(213): include('D:\\Ilham\\BTI-Projects\\landingpage-smart\\app\\Views\\backend\\jenis-program-detail\\delete.php')
 3 SYSTEMPATH\View\View.php(216): CodeIgniter\View\View->CodeIgniter\View\{closure}()
 4 SYSTEMPATH\Common.php(1184): CodeIgniter\View\View->render('backend/jenis-program-detail/delete', [], true)
 5 APPPATH\Controllers\Backend\JenisProgramDetailController.php(128): view('backend/jenis-program-detail/delete', [...])
 6 SYSTEMPATH\CodeIgniter.php(934): App\Controllers\Backend\JenisProgramDetailController->delete('1')
 7 SYSTEMPATH\CodeIgniter.php(499): CodeIgniter\CodeIgniter->runController(Object(App\Controllers\Backend\JenisProgramDetailController))
 8 SYSTEMPATH\CodeIgniter.php(368): CodeIgniter\CodeIgniter->handleRequest(null, Object(Config\Cache), false)
 9 FCPATH\index.php(67): CodeIgniter\CodeIgniter->run()
CRITICAL - 2023-05-26 07:01:43 --> Undefined variable: banner
in APPPATH\Views\backend\jenis-program-detail\delete.php on line 1.
 1 APPPATH\Views\backend\jenis-program-detail\delete.php(1): CodeIgniter\Debug\Exceptions->errorHandler(8, 'Undefined variable: banner', 'D:\\Ilham\\BTI-Projects\\landingpage-smart\\app\\Views\\backend\\jenis-program-detail\\delete.php', 1, [...])
 2 SYSTEMPATH\View\View.php(213): include('D:\\Ilham\\BTI-Projects\\landingpage-smart\\app\\Views\\backend\\jenis-program-detail\\delete.php')
 3 SYSTEMPATH\View\View.php(216): CodeIgniter\View\View->CodeIgniter\View\{closure}()
 4 SYSTEMPATH\Common.php(1184): CodeIgniter\View\View->render('backend/jenis-program-detail/delete', [], true)
 5 APPPATH\Controllers\Backend\JenisProgramDetailController.php(128): view('backend/jenis-program-detail/delete', [...])
 6 SYSTEMPATH\CodeIgniter.php(934): App\Controllers\Backend\JenisProgramDetailController->delete('1')
 7 SYSTEMPATH\CodeIgniter.php(499): CodeIgniter\CodeIgniter->runController(Object(App\Controllers\Backend\JenisProgramDetailController))
 8 SYSTEMPATH\CodeIgniter.php(368): CodeIgniter\CodeIgniter->handleRequest(null, Object(Config\Cache), false)
 9 FCPATH\index.php(67): CodeIgniter\CodeIgniter->run()
CRITICAL - 2023-05-26 07:01:45 --> Undefined variable: banner
in APPPATH\Views\backend\jenis-program-detail\delete.php on line 1.
 1 APPPATH\Views\backend\jenis-program-detail\delete.php(1): CodeIgniter\Debug\Exceptions->errorHandler(8, 'Undefined variable: banner', 'D:\\Ilham\\BTI-Projects\\landingpage-smart\\app\\Views\\backend\\jenis-program-detail\\delete.php', 1, [...])
 2 SYSTEMPATH\View\View.php(213): include('D:\\Ilham\\BTI-Projects\\landingpage-smart\\app\\Views\\backend\\jenis-program-detail\\delete.php')
 3 SYSTEMPATH\View\View.php(216): CodeIgniter\View\View->CodeIgniter\View\{closure}()
 4 SYSTEMPATH\Common.php(1184): CodeIgniter\View\View->render('backend/jenis-program-detail/delete', [], true)
 5 APPPATH\Controllers\Backend\JenisProgramDetailController.php(128): view('backend/jenis-program-detail/delete', [...])
 6 SYSTEMPATH\CodeIgniter.php(934): App\Controllers\Backend\JenisProgramDetailController->delete('1')
 7 SYSTEMPATH\CodeIgniter.php(499): CodeIgniter\CodeIgniter->runController(Object(App\Controllers\Backend\JenisProgramDetailController))
 8 SYSTEMPATH\CodeIgniter.php(368): CodeIgniter\CodeIgniter->handleRequest(null, Object(Config\Cache), false)
 9 FCPATH\index.php(67): CodeIgniter\CodeIgniter->run()
CRITICAL - 2023-05-26 07:03:01 --> Undefined variable: banner
in APPPATH\Views\backend\jenis-program-detail\delete.php on line 1.
 1 APPPATH\Views\backend\jenis-program-detail\delete.php(1): CodeIgniter\Debug\Exceptions->errorHandler(8, 'Undefined variable: banner', 'D:\\Ilham\\BTI-Projects\\landingpage-smart\\app\\Views\\backend\\jenis-program-detail\\delete.php', 1, [...])
 2 SYSTEMPATH\View\View.php(213): include('D:\\Ilham\\BTI-Projects\\landingpage-smart\\app\\Views\\backend\\jenis-program-detail\\delete.php')
 3 SYSTEMPATH\View\View.php(216): CodeIgniter\View\View->CodeIgniter\View\{closure}()
 4 SYSTEMPATH\Common.php(1184): CodeIgniter\View\View->render('backend/jenis-program-detail/delete', [], true)
 5 APPPATH\Controllers\Backend\JenisProgramDetailController.php(128): view('backend/jenis-program-detail/delete', [...])
 6 SYSTEMPATH\CodeIgniter.php(934): App\Controllers\Backend\JenisProgramDetailController->delete('1')
 7 SYSTEMPATH\CodeIgniter.php(499): CodeIgniter\CodeIgniter->runController(Object(App\Controllers\Backend\JenisProgramDetailController))
 8 SYSTEMPATH\CodeIgniter.php(368): CodeIgniter\CodeIgniter->handleRequest(null, Object(Config\Cache), false)
 9 FCPATH\index.php(67): CodeIgniter\CodeIgniter->run()
CRITICAL - 2023-05-26 07:03:14 --> Undefined variable: banner
in APPPATH\Views\backend\jenis-program-detail\delete.php on line 1.
 1 APPPATH\Views\backend\jenis-program-detail\delete.php(1): CodeIgniter\Debug\Exceptions->errorHandler(8, 'Undefined variable: banner', 'D:\\Ilham\\BTI-Projects\\landingpage-smart\\app\\Views\\backend\\jenis-program-detail\\delete.php', 1, [...])
 2 SYSTEMPATH\View\View.php(213): include('D:\\Ilham\\BTI-Projects\\landingpage-smart\\app\\Views\\backend\\jenis-program-detail\\delete.php')
 3 SYSTEMPATH\View\View.php(216): CodeIgniter\View\View->CodeIgniter\View\{closure}()
 4 SYSTEMPATH\Common.php(1184): CodeIgniter\View\View->render('backend/jenis-program-detail/delete', [], true)
 5 APPPATH\Controllers\Backend\JenisProgramDetailController.php(128): view('backend/jenis-program-detail/delete', [...])
 6 SYSTEMPATH\CodeIgniter.php(934): App\Controllers\Backend\JenisProgramDetailController->delete('1')
 7 SYSTEMPATH\CodeIgniter.php(499): CodeIgniter\CodeIgniter->runController(Object(App\Controllers\Backend\JenisProgramDetailController))
 8 SYSTEMPATH\CodeIgniter.php(368): CodeIgniter\CodeIgniter->handleRequest(null, Object(Config\Cache), false)
 9 FCPATH\index.php(67): CodeIgniter\CodeIgniter->run()
CRITICAL - 2023-05-26 07:04:13 --> Undefined variable: banner
in APPPATH\Views\backend\jenis-program-detail\delete.php on line 1.
 1 APPPATH\Views\backend\jenis-program-detail\delete.php(1): CodeIgniter\Debug\Exceptions->errorHandler(8, 'Undefined variable: banner', 'D:\\Ilham\\BTI-Projects\\landingpage-smart\\app\\Views\\backend\\jenis-program-detail\\delete.php', 1, [...])
 2 SYSTEMPATH\View\View.php(213): include('D:\\Ilham\\BTI-Projects\\landingpage-smart\\app\\Views\\backend\\jenis-program-detail\\delete.php')
 3 SYSTEMPATH\View\View.php(216): CodeIgniter\View\View->CodeIgniter\View\{closure}()
 4 SYSTEMPATH\Common.php(1184): CodeIgniter\View\View->render('backend/jenis-program-detail/delete', [], true)
 5 APPPATH\Controllers\Backend\JenisProgramDetailController.php(128): view('backend/jenis-program-detail/delete', [...])
 6 SYSTEMPATH\CodeIgniter.php(934): App\Controllers\Backend\JenisProgramDetailController->delete('1')
 7 SYSTEMPATH\CodeIgniter.php(499): CodeIgniter\CodeIgniter->runController(Object(App\Controllers\Backend\JenisProgramDetailController))
 8 SYSTEMPATH\CodeIgniter.php(368): CodeIgniter\CodeIgniter->handleRequest(null, Object(Config\Cache), false)
 9 FCPATH\index.php(67): CodeIgniter\CodeIgniter->run()
CRITICAL - 2023-05-26 07:04:16 --> Undefined variable: banner
in APPPATH\Views\backend\jenis-program-detail\delete.php on line 1.
 1 APPPATH\Views\backend\jenis-program-detail\delete.php(1): CodeIgniter\Debug\Exceptions->errorHandler(8, 'Undefined variable: banner', 'D:\\Ilham\\BTI-Projects\\landingpage-smart\\app\\Views\\backend\\jenis-program-detail\\delete.php', 1, [...])
 2 SYSTEMPATH\View\View.php(213): include('D:\\Ilham\\BTI-Projects\\landingpage-smart\\app\\Views\\backend\\jenis-program-detail\\delete.php')
 3 SYSTEMPATH\View\View.php(216): CodeIgniter\View\View->CodeIgniter\View\{closure}()
 4 SYSTEMPATH\Common.php(1184): CodeIgniter\View\View->render('backend/jenis-program-detail/delete', [], true)
 5 APPPATH\Controllers\Backend\JenisProgramDetailController.php(128): view('backend/jenis-program-detail/delete', [...])
 6 SYSTEMPATH\CodeIgniter.php(934): App\Controllers\Backend\JenisProgramDetailController->delete('1')
 7 SYSTEMPATH\CodeIgniter.php(499): CodeIgniter\CodeIgniter->runController(Object(App\Controllers\Backend\JenisProgramDetailController))
 8 SYSTEMPATH\CodeIgniter.php(368): CodeIgniter\CodeIgniter->handleRequest(null, Object(Config\Cache), false)
 9 FCPATH\index.php(67): CodeIgniter\CodeIgniter->run()
CRITICAL - 2023-05-26 07:04:20 --> Undefined variable: banner
in APPPATH\Views\backend\jenis-program-detail\delete.php on line 1.
 1 APPPATH\Views\backend\jenis-program-detail\delete.php(1): CodeIgniter\Debug\Exceptions->errorHandler(8, 'Undefined variable: banner', 'D:\\Ilham\\BTI-Projects\\landingpage-smart\\app\\Views\\backend\\jenis-program-detail\\delete.php', 1, [...])
 2 SYSTEMPATH\View\View.php(213): include('D:\\Ilham\\BTI-Projects\\landingpage-smart\\app\\Views\\backend\\jenis-program-detail\\delete.php')
 3 SYSTEMPATH\View\View.php(216): CodeIgniter\View\View->CodeIgniter\View\{closure}()
 4 SYSTEMPATH\Common.php(1184): CodeIgniter\View\View->render('backend/jenis-program-detail/delete', [], true)
 5 APPPATH\Controllers\Backend\JenisProgramDetailController.php(128): view('backend/jenis-program-detail/delete', [...])
 6 SYSTEMPATH\CodeIgniter.php(934): App\Controllers\Backend\JenisProgramDetailController->delete('1')
 7 SYSTEMPATH\CodeIgniter.php(499): CodeIgniter\CodeIgniter->runController(Object(App\Controllers\Backend\JenisProgramDetailController))
 8 SYSTEMPATH\CodeIgniter.php(368): CodeIgniter\CodeIgniter->handleRequest(null, Object(Config\Cache), false)
 9 FCPATH\index.php(67): CodeIgniter\CodeIgniter->run()
CRITICAL - 2023-05-26 07:04:24 --> Undefined variable: banner
in APPPATH\Views\backend\jenis-program-detail\delete.php on line 1.
 1 APPPATH\Views\backend\jenis-program-detail\delete.php(1): CodeIgniter\Debug\Exceptions->errorHandler(8, 'Undefined variable: banner', 'D:\\Ilham\\BTI-Projects\\landingpage-smart\\app\\Views\\backend\\jenis-program-detail\\delete.php', 1, [...])
 2 SYSTEMPATH\View\View.php(213): include('D:\\Ilham\\BTI-Projects\\landingpage-smart\\app\\Views\\backend\\jenis-program-detail\\delete.php')
 3 SYSTEMPATH\View\View.php(216): CodeIgniter\View\View->CodeIgniter\View\{closure}()
 4 SYSTEMPATH\Common.php(1184): CodeIgniter\View\View->render('backend/jenis-program-detail/delete', [], true)
 5 APPPATH\Controllers\Backend\JenisProgramDetailController.php(128): view('backend/jenis-program-detail/delete', [...])
 6 SYSTEMPATH\CodeIgniter.php(934): App\Controllers\Backend\JenisProgramDetailController->delete('1')
 7 SYSTEMPATH\CodeIgniter.php(499): CodeIgniter\CodeIgniter->runController(Object(App\Controllers\Backend\JenisProgramDetailController))
 8 SYSTEMPATH\CodeIgniter.php(368): CodeIgniter\CodeIgniter->handleRequest(null, Object(Config\Cache), false)
 9 FCPATH\index.php(67): CodeIgniter\CodeIgniter->run()
CRITICAL - 2023-05-26 07:10:09 --> unlink(D:\Ilham\BTI-Projects\landingpage-smart\writable\uploads/frontend/assets/images/service/USM.jpg): No such file or directory
in APPPATH\Controllers\Backend\JenisProgramDetailController.php on line 110.
 1 [internal function]: CodeIgniter\Debug\Exceptions->errorHandler(2, 'unlink(D:\\Ilham\\BTI-Projects\\landingpage-smart\\writable\\uploads/frontend/assets/images/service/USM.jpg): No such file or directory', 'D:\\Ilham\\BTI-Projects\\landingpage-smart\\app\\Controllers\\Backend\\JenisProgramDetailController.php', 110, [...])
 2 APPPATH\Controllers\Backend\JenisProgramDetailController.php(110): unlink('D:\\Ilham\\BTI-Projects\\landingpage-smart\\writable\\uploads/frontend/assets/images/service/USM.jpg')
 3 SYSTEMPATH\CodeIgniter.php(934): App\Controllers\Backend\JenisProgramDetailController->delete('1')
 4 SYSTEMPATH\CodeIgniter.php(499): CodeIgniter\CodeIgniter->runController(Object(App\Controllers\Backend\JenisProgramDetailController))
 5 SYSTEMPATH\CodeIgniter.php(368): CodeIgniter\CodeIgniter->handleRequest(null, Object(Config\Cache), false)
 6 FCPATH\index.php(67): CodeIgniter\CodeIgniter->run()
CRITICAL - 2023-05-26 07:11:58 --> Trying to access array offset on value of type null
in APPPATH\Views\backend\jenis-program-detail\delete.php on line 1.
 1 APPPATH\Views\backend\jenis-program-detail\delete.php(1): CodeIgniter\Debug\Exceptions->errorHandler(8, 'Trying to access array offset on value of type null', 'D:\\Ilham\\BTI-Projects\\landingpage-smart\\app\\Views\\backend\\jenis-program-detail\\delete.php', 1, [...])
 2 SYSTEMPATH\View\View.php(213): include('D:\\Ilham\\BTI-Projects\\landingpage-smart\\app\\Views\\backend\\jenis-program-detail\\delete.php')
 3 SYSTEMPATH\View\View.php(216): CodeIgniter\View\View->CodeIgniter\View\{closure}()
 4 SYSTEMPATH\Common.php(1184): CodeIgniter\View\View->render('backend/jenis-program-detail/delete', [], true)
 5 APPPATH\Controllers\Backend\JenisProgramDetailController.php(136): view('backend/jenis-program-detail/delete', [...])
 6 SYSTEMPATH\CodeIgniter.php(934): App\Controllers\Backend\JenisProgramDetailController->delete('1')
 7 SYSTEMPATH\CodeIgniter.php(499): CodeIgniter\CodeIgniter->runController(Object(App\Controllers\Backend\JenisProgramDetailController))
 8 SYSTEMPATH\CodeIgniter.php(368): CodeIgniter\CodeIgniter->handleRequest(null, Object(Config\Cache), false)
 9 FCPATH\index.php(67): CodeIgniter\CodeIgniter->run()
CRITICAL - 2023-05-26 07:12:06 --> Undefined index: id_pilihan
in APPPATH\Views\backend\jenis-program-detail\delete.php on line 1.
 1 APPPATH\Views\backend\jenis-program-detail\delete.php(1): CodeIgniter\Debug\Exceptions->errorHandler(8, 'Undefined index: id_pilihan', 'D:\\Ilham\\BTI-Projects\\landingpage-smart\\app\\Views\\backend\\jenis-program-detail\\delete.php', 1, [...])
 2 SYSTEMPATH\View\View.php(213): include('D:\\Ilham\\BTI-Projects\\landingpage-smart\\app\\Views\\backend\\jenis-program-detail\\delete.php')
 3 SYSTEMPATH\View\View.php(216): CodeIgniter\View\View->CodeIgniter\View\{closure}()
 4 SYSTEMPATH\Common.php(1184): CodeIgniter\View\View->render('backend/jenis-program-detail/delete', [], true)
 5 APPPATH\Controllers\Backend\JenisProgramDetailController.php(136): view('backend/jenis-program-detail/delete', [...])
 6 SYSTEMPATH\CodeIgniter.php(934): App\Controllers\Backend\JenisProgramDetailController->delete('2')
 7 SYSTEMPATH\CodeIgniter.php(499): CodeIgniter\CodeIgniter->runController(Object(App\Controllers\Backend\JenisProgramDetailController))
 8 SYSTEMPATH\CodeIgniter.php(368): CodeIgniter\CodeIgniter->handleRequest(null, Object(Config\Cache), false)
 9 FCPATH\index.php(67): CodeIgniter\CodeIgniter->run()
CRITICAL - 2023-05-26 07:12:46 --> Undefined index: id_pilihan
in APPPATH\Views\backend\jenis-program-detail\delete.php on line 1.
 1 APPPATH\Views\backend\jenis-program-detail\delete.php(1): CodeIgniter\Debug\Exceptions->errorHandler(8, 'Undefined index: id_pilihan', 'D:\\Ilham\\BTI-Projects\\landingpage-smart\\app\\Views\\backend\\jenis-program-detail\\delete.php', 1, [...])
 2 SYSTEMPATH\View\View.php(213): include('D:\\Ilham\\BTI-Projects\\landingpage-smart\\app\\Views\\backend\\jenis-program-detail\\delete.php')
 3 SYSTEMPATH\View\View.php(216): CodeIgniter\View\View->CodeIgniter\View\{closure}()
 4 SYSTEMPATH\Common.php(1184): CodeIgniter\View\View->render('backend/jenis-program-detail/delete', [], true)
 5 APPPATH\Controllers\Backend\JenisProgramDetailController.php(132): view('backend/jenis-program-detail/delete', [...])
 6 SYSTEMPATH\CodeIgniter.php(934): App\Controllers\Backend\JenisProgramDetailController->delete('2')
 7 SYSTEMPATH\CodeIgniter.php(499): CodeIgniter\CodeIgniter->runController(Object(App\Controllers\Backend\JenisProgramDetailController))
 8 SYSTEMPATH\CodeIgniter.php(368): CodeIgniter\CodeIgniter->handleRequest(null, Object(Config\Cache), false)
 9 FCPATH\index.php(67): CodeIgniter\CodeIgniter->run()
CRITICAL - 2023-05-26 07:19:38 --> Undefined index: Reguler S1
in APPPATH\Views\backend\jenis-program\index.php on line 48.
 1 APPPATH\Views\backend\jenis-program\index.php(48): CodeIgniter\Debug\Exceptions->errorHandler(8, 'Undefined index: Reguler S1', 'D:\\Ilham\\BTI-Projects\\landingpage-smart\\app\\Views\\backend\\jenis-program\\index.php', 48, [...])
 2 SYSTEMPATH\View\View.php(213): include('D:\\Ilham\\BTI-Projects\\landingpage-smart\\app\\Views\\backend\\jenis-program\\index.php')
 3 SYSTEMPATH\View\View.php(216): CodeIgniter\View\View->CodeIgniter\View\{closure}()
 4 SYSTEMPATH\Common.php(1184): CodeIgniter\View\View->render('backend/jenis-program/index', [], true)
 5 APPPATH\Controllers\Backend\JenisProgramController.php(17): view('backend/jenis-program/index', [...])
 6 SYSTEMPATH\CodeIgniter.php(934): App\Controllers\Backend\JenisProgramController->index()
 7 SYSTEMPATH\CodeIgniter.php(499): CodeIgniter\CodeIgniter->runController(Object(App\Controllers\Backend\JenisProgramController))
 8 SYSTEMPATH\CodeIgniter.php(368): CodeIgniter\CodeIgniter->handleRequest(null, Object(Config\Cache), false)
 9 FCPATH\index.php(67): CodeIgniter\CodeIgniter->run()
CRITICAL - 2023-05-26 07:20:27 --> Undefined index: Reguler S1
in APPPATH\Views\backend\jenis-program\index.php on line 49.
 1 APPPATH\Views\backend\jenis-program\index.php(49): CodeIgniter\Debug\Exceptions->errorHandler(8, 'Undefined index: Reguler S1', 'D:\\Ilham\\BTI-Projects\\landingpage-smart\\app\\Views\\backend\\jenis-program\\index.php', 49, [...])
 2 SYSTEMPATH\View\View.php(213): include('D:\\Ilham\\BTI-Projects\\landingpage-smart\\app\\Views\\backend\\jenis-program\\index.php')
 3 SYSTEMPATH\View\View.php(216): CodeIgniter\View\View->CodeIgniter\View\{closure}()
 4 SYSTEMPATH\Common.php(1184): CodeIgniter\View\View->render('backend/jenis-program/index', [], true)
 5 APPPATH\Controllers\Backend\JenisProgramController.php(17): view('backend/jenis-program/index', [...])
 6 SYSTEMPATH\CodeIgniter.php(934): App\Controllers\Backend\JenisProgramController->index()
 7 SYSTEMPATH\CodeIgniter.php(499): CodeIgniter\CodeIgniter->runController(Object(App\Controllers\Backend\JenisProgramController))
 8 SYSTEMPATH\CodeIgniter.php(368): CodeIgniter\CodeIgniter->handleRequest(null, Object(Config\Cache), false)
 9 FCPATH\index.php(67): CodeIgniter\CodeIgniter->run()
CRITICAL - 2023-05-26 07:20:37 --> Undefined index: Reguler S1
in APPPATH\Views\backend\jenis-program\index.php on line 49.
 1 APPPATH\Views\backend\jenis-program\index.php(49): CodeIgniter\Debug\Exceptions->errorHandler(8, 'Undefined index: Reguler S1', 'D:\\Ilham\\BTI-Projects\\landingpage-smart\\app\\Views\\backend\\jenis-program\\index.php', 49, [...])
 2 SYSTEMPATH\View\View.php(213): include('D:\\Ilham\\BTI-Projects\\landingpage-smart\\app\\Views\\backend\\jenis-program\\index.php')
 3 SYSTEMPATH\View\View.php(216): CodeIgniter\View\View->CodeIgniter\View\{closure}()
 4 SYSTEMPATH\Common.php(1184): CodeIgniter\View\View->render('backend/jenis-program/index', [], true)
 5 APPPATH\Controllers\Backend\JenisProgramController.php(17): view('backend/jenis-program/index', [...])
 6 SYSTEMPATH\CodeIgniter.php(934): App\Controllers\Backend\JenisProgramController->index()
 7 SYSTEMPATH\CodeIgniter.php(499): CodeIgniter\CodeIgniter->runController(Object(App\Controllers\Backend\JenisProgramController))
 8 SYSTEMPATH\CodeIgniter.php(368): CodeIgniter\CodeIgniter->handleRequest(null, Object(Config\Cache), false)
 9 FCPATH\index.php(67): CodeIgniter\CodeIgniter->run()
CRITICAL - 2023-05-26 07:20:42 --> Undefined index: Reguler S1
in APPPATH\Views\backend\jenis-program\index.php on line 49.
 1 APPPATH\Views\backend\jenis-program\index.php(49): CodeIgniter\Debug\Exceptions->errorHandler(8, 'Undefined index: Reguler S1', 'D:\\Ilham\\BTI-Projects\\landingpage-smart\\app\\Views\\backend\\jenis-program\\index.php', 49, [...])
 2 SYSTEMPATH\View\View.php(213): include('D:\\Ilham\\BTI-Projects\\landingpage-smart\\app\\Views\\backend\\jenis-program\\index.php')
 3 SYSTEMPATH\View\View.php(216): CodeIgniter\View\View->CodeIgniter\View\{closure}()
 4 SYSTEMPATH\Common.php(1184): CodeIgniter\View\View->render('backend/jenis-program/index', [], true)
 5 APPPATH\Controllers\Backend\JenisProgramController.php(17): view('backend/jenis-program/index', [...])
 6 SYSTEMPATH\CodeIgniter.php(934): App\Controllers\Backend\JenisProgramController->index()
 7 SYSTEMPATH\CodeIgniter.php(499): CodeIgniter\CodeIgniter->runController(Object(App\Controllers\Backend\JenisProgramController))
 8 SYSTEMPATH\CodeIgniter.php(368): CodeIgniter\CodeIgniter->handleRequest(null, Object(Config\Cache), false)
 9 FCPATH\index.php(67): CodeIgniter\CodeIgniter->run()
CRITICAL - 2023-05-26 07:44:47 --> Undefined index: Pascasarjana
in APPPATH\Views\frontend\home.php on line 85.
 1 APPPATH\Views\frontend\home.php(85): CodeIgniter\Debug\Exceptions->errorHandler(8, 'Undefined index: Pascasarjana', 'D:\\Ilham\\BTI-Projects\\landingpage-smart\\app\\Views\\frontend\\home.php', 85, [...])
 2 SYSTEMPATH\View\View.php(213): include('D:\\Ilham\\BTI-Projects\\landingpage-smart\\app\\Views\\frontend\\home.php')
 3 SYSTEMPATH\View\View.php(216): CodeIgniter\View\View->CodeIgniter\View\{closure}()
 4 SYSTEMPATH\Common.php(1184): CodeIgniter\View\View->render('frontend/home', [], true)
 5 APPPATH\Controllers\Frontend\FrontendController.php(17): view('frontend/home', [...])
 6 SYSTEMPATH\CodeIgniter.php(934): App\Controllers\Frontend\FrontendController->home()
 7 SYSTEMPATH\CodeIgniter.php(499): CodeIgniter\CodeIgniter->runController(Object(App\Controllers\Frontend\FrontendController))
 8 SYSTEMPATH\CodeIgniter.php(368): CodeIgniter\CodeIgniter->handleRequest(null, Object(Config\Cache), false)
 9 FCPATH\index.php(67): CodeIgniter\CodeIgniter->run()
CRITICAL - 2023-05-26 07:47:43 --> Undefined variable: banners
in APPPATH\Views\backend\fasilitas\index.php on line 18.
 1 APPPATH\Views\backend\fasilitas\index.php(18): CodeIgniter\Debug\Exceptions->errorHandler(8, 'Undefined variable: banners', 'D:\\Ilham\\BTI-Projects\\landingpage-smart\\app\\Views\\backend\\fasilitas\\index.php', 18, [...])
 2 SYSTEMPATH\View\View.php(213): include('D:\\Ilham\\BTI-Projects\\landingpage-smart\\app\\Views\\backend\\fasilitas\\index.php')
 3 SYSTEMPATH\View\View.php(216): CodeIgniter\View\View->CodeIgniter\View\{closure}()
 4 SYSTEMPATH\Common.php(1184): CodeIgniter\View\View->render('backend/fasilitas/index', [], true)
 5 APPPATH\Controllers\Backend\FasilitasController.php(14): view('backend/fasilitas/index', [...])
 6 SYSTEMPATH\CodeIgniter.php(934): App\Controllers\Backend\FasilitasController->index()
 7 SYSTEMPATH\CodeIgniter.php(499): CodeIgniter\CodeIgniter->runController(Object(App\Controllers\Backend\FasilitasController))
 8 SYSTEMPATH\CodeIgniter.php(368): CodeIgniter\CodeIgniter->handleRequest(null, Object(Config\Cache), false)
 9 FCPATH\index.php(67): CodeIgniter\CodeIgniter->run()
CRITICAL - 2023-05-26 08:11:25 --> finfo_file(C:\Users\rahmadhani\AppData\Local\Temp\php95EF.tmp): failed to open stream: No such file or directory
in SYSTEMPATH\Files\File.php on line 115.
 1 [internal function]: CodeIgniter\Debug\Exceptions->errorHandler(2, 'finfo_file(C:\\Users\\rahmadhani\\AppData\\Local\\Temp\\php95EF.tmp): failed to open stream: No such file or directory', 'D:\\Ilham\\BTI-Projects\\landingpage-smart\\vendor\\codeigniter4\\framework\\system\\Files\\File.php', 115, [...])
 2 SYSTEMPATH\Files\File.php(115): finfo_file(resource (file_info), 'C:\\Users\\rahmadhani\\AppData\\Local\\Temp\\php95EF.tmp')
 3 SYSTEMPATH\HTTP\Files\UploadedFile.php(302): CodeIgniter\Files\File->getMimeType()
 4 SYSTEMPATH\HTTP\Files\UploadedFile.php(291): CodeIgniter\HTTP\Files\UploadedFile->guessExtension()
 5 SYSTEMPATH\Files\File.php(127): CodeIgniter\HTTP\Files\UploadedFile->getExtension()
 6 APPPATH\Controllers\Backend\FasilitasController.php(36): CodeIgniter\Files\File->getRandomName()
 7 SYSTEMPATH\CodeIgniter.php(934): App\Controllers\Backend\FasilitasController->create()
 8 SYSTEMPATH\CodeIgniter.php(499): CodeIgniter\CodeIgniter->runController(Object(App\Controllers\Backend\FasilitasController))
 9 SYSTEMPATH\CodeIgniter.php(368): CodeIgniter\CodeIgniter->handleRequest(null, Object(Config\Cache), false)
10 FCPATH\index.php(67): CodeIgniter\CodeIgniter->run()
CRITICAL - 2023-05-26 08:11:25 --> Uncaught CodeIgniter\Format\Exceptions\FormatException: Failed to parse JSON string. Error: Type is not supported in D:\Ilham\BTI-Projects\landingpage-smart\vendor\codeigniter4\framework\system\Format\JSONFormatter.php:41
Stack trace:
#0 D:\Ilham\BTI-Projects\landingpage-smart\vendor\codeigniter4\framework\system\Format\JSONFormatter.php(41): CodeIgniter\Format\Exceptions\FormatException::forInvalidJSON('Type is not sup...')
#1 D:\Ilham\BTI-Projects\landingpage-smart\vendor\codeigniter4\framework\system\API\ResponseTrait.php(345): CodeIgniter\Format\JSONFormatter->format(Array)
#2 D:\Ilham\BTI-Projects\landingpage-smart\vendor\codeigniter4\framework\system\API\ResponseTrait.php(98): CodeIgniter\Debug\Exceptions->format(Array)
#3 D:\Ilham\BTI-Projects\landingpage-smart\vendor\codeigniter4\framework\system\Debug\Exceptions.php(150): CodeIgniter\Debug\Exceptions->respond(Array, 500)
#4 [internal function]: CodeIgniter\Debug\Exceptions->exceptionHandler(Object(ErrorException))
#5 {main}
  thrown
Previous Exception
ErrorException
finfo_file(C:\Users\rahmadhani\AppData\Local\Temp\php95EF.tmp): failed to open stream: No such file or directory
#0 [internal function]: CodeIgniter\Debug\Exceptions->errorHandler(2, 'finfo_file(C:\\U...', 'D:\\Ilham\\BTI-Pr...', 115, Array)
#1 D:\Ilham\BTI-Projects\landingpage-smart\vendor\codeigniter4\framework\system\Files\File.php(115): finfo_file(Resource id #153, 'C:\\Users\\rahmad...')
#2 D:\Ilham\BTI-Projects\landingpage-smart\vendor\codeigniter4\framework\system\HTTP\Files\UploadedFile.php(302): CodeIgniter\Files\File->getMimeType()
#3 D:\Ilham\BTI-Projects\landingpage-smart\vendor\codeigniter4\framework\system\HTTP\Files\UploadedFile.php(291): CodeIgniter\HTTP\Files\UploadedFile->guessExtension()
#4 D:\Ilham\BTI-Projects\landingpage-smart\vendor\codeigniter4\framework\system\Files\File.php(127): CodeIgniter\HTTP\Files\UploadedFile->getExtension()
#5 D:\Ilham\BTI-Projects\landingpage-smart\app\Controllers\Backend\FasilitasController.php(36): CodeIgniter\Files\File->getRandomName()
#6 D:\Ilham\BTI-Projects\landingpage-smart\vendor\codeigniter4\framework\system\CodeIgniter.php(934): App\Controllers\Backend\FasilitasController->create()
#7 D:\Ilham\BTI-Projects\landingpage-smart\vendor\codeigniter4\framework\system\CodeIgniter.php(499): CodeIgniter\CodeIgniter->runController(Object(App\Controllers\Backend\FasilitasController))
#8 D:\Ilham\BTI-Projects\landingpage-smart\vendor\codeigniter4\framework\system\CodeIgniter.php(368): CodeIgniter\CodeIgniter->handleRequest(NULL, Object(Config\Cache), false)
#9 D:\Ilham\BTI-Projects\landingpage-smart\public\index.php(67): CodeIgniter\CodeIgniter->run()
#10 {main}
in SYSTEMPATH\Format\JSONFormatter.php on line 41.
 1 [internal function]: CodeIgniter\Debug\Exceptions->shutdownHandler()
CRITICAL - 2023-05-26 08:11:31 --> finfo_file(C:\Users\rahmadhani\AppData\Local\Temp\phpAC29.tmp): failed to open stream: No such file or directory
in SYSTEMPATH\Files\File.php on line 115.
 1 [internal function]: CodeIgniter\Debug\Exceptions->errorHandler(2, 'finfo_file(C:\\Users\\rahmadhani\\AppData\\Local\\Temp\\phpAC29.tmp): failed to open stream: No such file or directory', 'D:\\Ilham\\BTI-Projects\\landingpage-smart\\vendor\\codeigniter4\\framework\\system\\Files\\File.php', 115, [...])
 2 SYSTEMPATH\Files\File.php(115): finfo_file(resource (file_info), 'C:\\Users\\rahmadhani\\AppData\\Local\\Temp\\phpAC29.tmp')
 3 SYSTEMPATH\HTTP\Files\UploadedFile.php(302): CodeIgniter\Files\File->getMimeType()
 4 SYSTEMPATH\HTTP\Files\UploadedFile.php(291): CodeIgniter\HTTP\Files\UploadedFile->guessExtension()
 5 SYSTEMPATH\Files\File.php(127): CodeIgniter\HTTP\Files\UploadedFile->getExtension()
 6 APPPATH\Controllers\Backend\FasilitasController.php(36): CodeIgniter\Files\File->getRandomName()
 7 SYSTEMPATH\CodeIgniter.php(934): App\Controllers\Backend\FasilitasController->create()
 8 SYSTEMPATH\CodeIgniter.php(499): CodeIgniter\CodeIgniter->runController(Object(App\Controllers\Backend\FasilitasController))
 9 SYSTEMPATH\CodeIgniter.php(368): CodeIgniter\CodeIgniter->handleRequest(null, Object(Config\Cache), false)
10 FCPATH\index.php(67): CodeIgniter\CodeIgniter->run()
CRITICAL - 2023-05-26 08:11:31 --> Uncaught CodeIgniter\Format\Exceptions\FormatException: Failed to parse JSON string. Error: Type is not supported in D:\Ilham\BTI-Projects\landingpage-smart\vendor\codeigniter4\framework\system\Format\JSONFormatter.php:41
Stack trace:
#0 D:\Ilham\BTI-Projects\landingpage-smart\vendor\codeigniter4\framework\system\Format\JSONFormatter.php(41): CodeIgniter\Format\Exceptions\FormatException::forInvalidJSON('Type is not sup...')
#1 D:\Ilham\BTI-Projects\landingpage-smart\vendor\codeigniter4\framework\system\API\ResponseTrait.php(345): CodeIgniter\Format\JSONFormatter->format(Array)
#2 D:\Ilham\BTI-Projects\landingpage-smart\vendor\codeigniter4\framework\system\API\ResponseTrait.php(98): CodeIgniter\Debug\Exceptions->format(Array)
#3 D:\Ilham\BTI-Projects\landingpage-smart\vendor\codeigniter4\framework\system\Debug\Exceptions.php(150): CodeIgniter\Debug\Exceptions->respond(Array, 500)
#4 [internal function]: CodeIgniter\Debug\Exceptions->exceptionHandler(Object(ErrorException))
#5 {main}
  thrown
Previous Exception
ErrorException
finfo_file(C:\Users\rahmadhani\AppData\Local\Temp\phpAC29.tmp): failed to open stream: No such file or directory
#0 [internal function]: CodeIgniter\Debug\Exceptions->errorHandler(2, 'finfo_file(C:\\U...', 'D:\\Ilham\\BTI-Pr...', 115, Array)
#1 D:\Ilham\BTI-Projects\landingpage-smart\vendor\codeigniter4\framework\system\Files\File.php(115): finfo_file(Resource id #153, 'C:\\Users\\rahmad...')
#2 D:\Ilham\BTI-Projects\landingpage-smart\vendor\codeigniter4\framework\system\HTTP\Files\UploadedFile.php(302): CodeIgniter\Files\File->getMimeType()
#3 D:\Ilham\BTI-Projects\landingpage-smart\vendor\codeigniter4\framework\system\HTTP\Files\UploadedFile.php(291): CodeIgniter\HTTP\Files\UploadedFile->guessExtension()
#4 D:\Ilham\BTI-Projects\landingpage-smart\vendor\codeigniter4\framework\system\Files\File.php(127): CodeIgniter\HTTP\Files\UploadedFile->getExtension()
#5 D:\Ilham\BTI-Projects\landingpage-smart\app\Controllers\Backend\FasilitasController.php(36): CodeIgniter\Files\File->getRandomName()
#6 D:\Ilham\BTI-Projects\landingpage-smart\vendor\codeigniter4\framework\system\CodeIgniter.php(934): App\Controllers\Backend\FasilitasController->create()
#7 D:\Ilham\BTI-Projects\landingpage-smart\vendor\codeigniter4\framework\system\CodeIgniter.php(499): CodeIgniter\CodeIgniter->runController(Object(App\Controllers\Backend\FasilitasController))
#8 D:\Ilham\BTI-Projects\landingpage-smart\vendor\codeigniter4\framework\system\CodeIgniter.php(368): CodeIgniter\CodeIgniter->handleRequest(NULL, Object(Config\Cache), false)
#9 D:\Ilham\BTI-Projects\landingpage-smart\public\index.php(67): CodeIgniter\CodeIgniter->run()
#10 {main}
in SYSTEMPATH\Format\JSONFormatter.php on line 41.
 1 [internal function]: CodeIgniter\Debug\Exceptions->shutdownHandler()
CRITICAL - 2023-05-26 08:11:54 --> finfo_file(C:\Users\rahmadhani\AppData\Local\Temp\php622.tmp): failed to open stream: No such file or directory
in SYSTEMPATH\Files\File.php on line 115.
 1 [internal function]: CodeIgniter\Debug\Exceptions->errorHandler(2, 'finfo_file(C:\\Users\\rahmadhani\\AppData\\Local\\Temp\\php622.tmp): failed to open stream: No such file or directory', 'D:\\Ilham\\BTI-Projects\\landingpage-smart\\vendor\\codeigniter4\\framework\\system\\Files\\File.php', 115, [...])
 2 SYSTEMPATH\Files\File.php(115): finfo_file(resource (file_info), 'C:\\Users\\rahmadhani\\AppData\\Local\\Temp\\php622.tmp')
 3 SYSTEMPATH\HTTP\Files\UploadedFile.php(302): CodeIgniter\Files\File->getMimeType()
 4 SYSTEMPATH\HTTP\Files\UploadedFile.php(291): CodeIgniter\HTTP\Files\UploadedFile->guessExtension()
 5 SYSTEMPATH\Files\File.php(127): CodeIgniter\HTTP\Files\UploadedFile->getExtension()
 6 APPPATH\Controllers\Backend\FasilitasController.php(36): CodeIgniter\Files\File->getRandomName()
 7 SYSTEMPATH\CodeIgniter.php(934): App\Controllers\Backend\FasilitasController->create()
 8 SYSTEMPATH\CodeIgniter.php(499): CodeIgniter\CodeIgniter->runController(Object(App\Controllers\Backend\FasilitasController))
 9 SYSTEMPATH\CodeIgniter.php(368): CodeIgniter\CodeIgniter->handleRequest(null, Object(Config\Cache), false)
10 FCPATH\index.php(67): CodeIgniter\CodeIgniter->run()
CRITICAL - 2023-05-26 08:11:54 --> Uncaught CodeIgniter\Format\Exceptions\FormatException: Failed to parse JSON string. Error: Type is not supported in D:\Ilham\BTI-Projects\landingpage-smart\vendor\codeigniter4\framework\system\Format\JSONFormatter.php:41
Stack trace:
#0 D:\Ilham\BTI-Projects\landingpage-smart\vendor\codeigniter4\framework\system\Format\JSONFormatter.php(41): CodeIgniter\Format\Exceptions\FormatException::forInvalidJSON('Type is not sup...')
#1 D:\Ilham\BTI-Projects\landingpage-smart\vendor\codeigniter4\framework\system\API\ResponseTrait.php(345): CodeIgniter\Format\JSONFormatter->format(Array)
#2 D:\Ilham\BTI-Projects\landingpage-smart\vendor\codeigniter4\framework\system\API\ResponseTrait.php(98): CodeIgniter\Debug\Exceptions->format(Array)
#3 D:\Ilham\BTI-Projects\landingpage-smart\vendor\codeigniter4\framework\system\Debug\Exceptions.php(150): CodeIgniter\Debug\Exceptions->respond(Array, 500)
#4 [internal function]: CodeIgniter\Debug\Exceptions->exceptionHandler(Object(ErrorException))
#5 {main}
  thrown
Previous Exception
ErrorException
finfo_file(C:\Users\rahmadhani\AppData\Local\Temp\php622.tmp): failed to open stream: No such file or directory
#0 [internal function]: CodeIgniter\Debug\Exceptions->errorHandler(2, 'finfo_file(C:\\U...', 'D:\\Ilham\\BTI-Pr...', 115, Array)
#1 D:\Ilham\BTI-Projects\landingpage-smart\vendor\codeigniter4\framework\system\Files\File.php(115): finfo_file(Resource id #153, 'C:\\Users\\rahmad...')
#2 D:\Ilham\BTI-Projects\landingpage-smart\vendor\codeigniter4\framework\system\HTTP\Files\UploadedFile.php(302): CodeIgniter\Files\File->getMimeType()
#3 D:\Ilham\BTI-Projects\landingpage-smart\vendor\codeigniter4\framework\system\HTTP\Files\UploadedFile.php(291): CodeIgniter\HTTP\Files\UploadedFile->guessExtension()
#4 D:\Ilham\BTI-Projects\landingpage-smart\vendor\codeigniter4\framework\system\Files\File.php(127): CodeIgniter\HTTP\Files\UploadedFile->getExtension()
#5 D:\Ilham\BTI-Projects\landingpage-smart\app\Controllers\Backend\FasilitasController.php(36): CodeIgniter\Files\File->getRandomName()
#6 D:\Ilham\BTI-Projects\landingpage-smart\vendor\codeigniter4\framework\system\CodeIgniter.php(934): App\Controllers\Backend\FasilitasController->create()
#7 D:\Ilham\BTI-Projects\landingpage-smart\vendor\codeigniter4\framework\system\CodeIgniter.php(499): CodeIgniter\CodeIgniter->runController(Object(App\Controllers\Backend\FasilitasController))
#8 D:\Ilham\BTI-Projects\landingpage-smart\vendor\codeigniter4\framework\system\CodeIgniter.php(368): CodeIgniter\CodeIgniter->handleRequest(NULL, Object(Config\Cache), false)
#9 D:\Ilham\BTI-Projects\landingpage-smart\public\index.php(67): CodeIgniter\CodeIgniter->run()
#10 {main}
in SYSTEMPATH\Format\JSONFormatter.php on line 41.
 1 [internal function]: CodeIgniter\Debug\Exceptions->shutdownHandler()
CRITICAL - 2023-05-26 08:12:08 --> finfo_file(C:\Users\rahmadhani\AppData\Local\Temp\php3C48.tmp): failed to open stream: No such file or directory
in SYSTEMPATH\Files\File.php on line 115.
 1 [internal function]: CodeIgniter\Debug\Exceptions->errorHandler(2, 'finfo_file(C:\\Users\\rahmadhani\\AppData\\Local\\Temp\\php3C48.tmp): failed to open stream: No such file or directory', 'D:\\Ilham\\BTI-Projects\\landingpage-smart\\vendor\\codeigniter4\\framework\\system\\Files\\File.php', 115, [...])
 2 SYSTEMPATH\Files\File.php(115): finfo_file(resource (file_info), 'C:\\Users\\rahmadhani\\AppData\\Local\\Temp\\php3C48.tmp')
 3 SYSTEMPATH\HTTP\Files\UploadedFile.php(302): CodeIgniter\Files\File->getMimeType()
 4 SYSTEMPATH\HTTP\Files\UploadedFile.php(291): CodeIgniter\HTTP\Files\UploadedFile->guessExtension()
 5 SYSTEMPATH\Files\File.php(127): CodeIgniter\HTTP\Files\UploadedFile->getExtension()
 6 APPPATH\Controllers\Backend\FasilitasController.php(36): CodeIgniter\Files\File->getRandomName()
 7 SYSTEMPATH\CodeIgniter.php(934): App\Controllers\Backend\FasilitasController->create()
 8 SYSTEMPATH\CodeIgniter.php(499): CodeIgniter\CodeIgniter->runController(Object(App\Controllers\Backend\FasilitasController))
 9 SYSTEMPATH\CodeIgniter.php(368): CodeIgniter\CodeIgniter->handleRequest(null, Object(Config\Cache), false)
10 FCPATH\index.php(67): CodeIgniter\CodeIgniter->run()
CRITICAL - 2023-05-26 08:12:08 --> Uncaught CodeIgniter\Format\Exceptions\FormatException: Failed to parse JSON string. Error: Type is not supported in D:\Ilham\BTI-Projects\landingpage-smart\vendor\codeigniter4\framework\system\Format\JSONFormatter.php:41
Stack trace:
#0 D:\Ilham\BTI-Projects\landingpage-smart\vendor\codeigniter4\framework\system\Format\JSONFormatter.php(41): CodeIgniter\Format\Exceptions\FormatException::forInvalidJSON('Type is not sup...')
#1 D:\Ilham\BTI-Projects\landingpage-smart\vendor\codeigniter4\framework\system\API\ResponseTrait.php(345): CodeIgniter\Format\JSONFormatter->format(Array)
#2 D:\Ilham\BTI-Projects\landingpage-smart\vendor\codeigniter4\framework\system\API\ResponseTrait.php(98): CodeIgniter\Debug\Exceptions->format(Array)
#3 D:\Ilham\BTI-Projects\landingpage-smart\vendor\codeigniter4\framework\system\Debug\Exceptions.php(150): CodeIgniter\Debug\Exceptions->respond(Array, 500)
#4 [internal function]: CodeIgniter\Debug\Exceptions->exceptionHandler(Object(ErrorException))
#5 {main}
  thrown
Previous Exception
ErrorException
finfo_file(C:\Users\rahmadhani\AppData\Local\Temp\php3C48.tmp): failed to open stream: No such file or directory
#0 [internal function]: CodeIgniter\Debug\Exceptions->errorHandler(2, 'finfo_file(C:\\U...', 'D:\\Ilham\\BTI-Pr...', 115, Array)
#1 D:\Ilham\BTI-Projects\landingpage-smart\vendor\codeigniter4\framework\system\Files\File.php(115): finfo_file(Resource id #153, 'C:\\Users\\rahmad...')
#2 D:\Ilham\BTI-Projects\landingpage-smart\vendor\codeigniter4\framework\system\HTTP\Files\UploadedFile.php(302): CodeIgniter\Files\File->getMimeType()
#3 D:\Ilham\BTI-Projects\landingpage-smart\vendor\codeigniter4\framework\system\HTTP\Files\UploadedFile.php(291): CodeIgniter\HTTP\Files\UploadedFile->guessExtension()
#4 D:\Ilham\BTI-Projects\landingpage-smart\vendor\codeigniter4\framework\system\Files\File.php(127): CodeIgniter\HTTP\Files\UploadedFile->getExtension()
#5 D:\Ilham\BTI-Projects\landingpage-smart\app\Controllers\Backend\FasilitasController.php(36): CodeIgniter\Files\File->getRandomName()
#6 D:\Ilham\BTI-Projects\landingpage-smart\vendor\codeigniter4\framework\system\CodeIgniter.php(934): App\Controllers\Backend\FasilitasController->create()
#7 D:\Ilham\BTI-Projects\landingpage-smart\vendor\codeigniter4\framework\system\CodeIgniter.php(499): CodeIgniter\CodeIgniter->runController(Object(App\Controllers\Backend\FasilitasController))
#8 D:\Ilham\BTI-Projects\landingpage-smart\vendor\codeigniter4\framework\system\CodeIgniter.php(368): CodeIgniter\CodeIgniter->handleRequest(NULL, Object(Config\Cache), false)
#9 D:\Ilham\BTI-Projects\landingpage-smart\public\index.php(67): CodeIgniter\CodeIgniter->run()
#10 {main}
in SYSTEMPATH\Format\JSONFormatter.php on line 41.
 1 [internal function]: CodeIgniter\Debug\Exceptions->shutdownHandler()
CRITICAL - 2023-05-26 08:12:45 --> Allowed fields must be specified for model: "App\Models\Fasilitas"
in SYSTEMPATH\BaseModel.php on line 1242.
 1 SYSTEMPATH\BaseModel.php(1242): CodeIgniter\Database\Exceptions\DataException::forInvalidAllowedFields('App\\Models\\Fasilitas')
 2 SYSTEMPATH\BaseModel.php(757): CodeIgniter\BaseModel->doProtectFields([...])
 3 SYSTEMPATH\Model.php(730): CodeIgniter\BaseModel->insert([...], false)
 4 SYSTEMPATH\BaseModel.php(692): CodeIgniter\Model->insert(Object(App\Entities\FasilitasEntity), false)
 5 APPPATH\Controllers\Backend\FasilitasController.php(46): CodeIgniter\BaseModel->save(Object(App\Entities\FasilitasEntity))
 6 SYSTEMPATH\CodeIgniter.php(934): App\Controllers\Backend\FasilitasController->create()
 7 SYSTEMPATH\CodeIgniter.php(499): CodeIgniter\CodeIgniter->runController(Object(App\Controllers\Backend\FasilitasController))
 8 SYSTEMPATH\CodeIgniter.php(368): CodeIgniter\CodeIgniter->handleRequest(null, Object(Config\Cache), false)
 9 FCPATH\index.php(67): CodeIgniter\CodeIgniter->run()
CRITICAL - 2023-05-26 08:18:06 --> Undefined variable: banner
in APPPATH\Views\backend\fasilitas\update.php on line 15.
 1 APPPATH\Views\backend\fasilitas\update.php(15): CodeIgniter\Debug\Exceptions->errorHandler(8, 'Undefined variable: banner', 'D:\\Ilham\\BTI-Projects\\landingpage-smart\\app\\Views\\backend\\fasilitas\\update.php', 15, [...])
 2 SYSTEMPATH\View\View.php(213): include('D:\\Ilham\\BTI-Projects\\landingpage-smart\\app\\Views\\backend\\fasilitas\\update.php')
 3 SYSTEMPATH\View\View.php(216): CodeIgniter\View\View->CodeIgniter\View\{closure}()
 4 SYSTEMPATH\Common.php(1184): CodeIgniter\View\View->render('backend/fasilitas/update', [], true)
 5 APPPATH\Controllers\Backend\FasilitasController.php(111): view('backend/fasilitas/update', [...])
 6 SYSTEMPATH\CodeIgniter.php(934): App\Controllers\Backend\FasilitasController->update('1')
 7 SYSTEMPATH\CodeIgniter.php(499): CodeIgniter\CodeIgniter->runController(Object(App\Controllers\Backend\FasilitasController))
 8 SYSTEMPATH\CodeIgniter.php(368): CodeIgniter\CodeIgniter->handleRequest(null, Object(Config\Cache), false)
 9 FCPATH\index.php(67): CodeIgniter\CodeIgniter->run()
CRITICAL - 2023-05-26 09:16:55 --> Undefined variable: banner
in APPPATH\Views\backend\fasilitas\delete.php on line 1.
 1 APPPATH\Views\backend\fasilitas\delete.php(1): CodeIgniter\Debug\Exceptions->errorHandler(8, 'Undefined variable: banner', 'D:\\Ilham\\BTI-Projects\\landingpage-smart\\app\\Views\\backend\\fasilitas\\delete.php', 1, [...])
 2 SYSTEMPATH\View\View.php(213): include('D:\\Ilham\\BTI-Projects\\landingpage-smart\\app\\Views\\backend\\fasilitas\\delete.php')
 3 SYSTEMPATH\View\View.php(216): CodeIgniter\View\View->CodeIgniter\View\{closure}()
 4 SYSTEMPATH\Common.php(1184): CodeIgniter\View\View->render('backend/fasilitas/delete', [], true)
 5 APPPATH\Controllers\Backend\FasilitasController.php(141): view('backend/fasilitas/delete', [...])
 6 SYSTEMPATH\CodeIgniter.php(934): App\Controllers\Backend\FasilitasController->delete('3')
 7 SYSTEMPATH\CodeIgniter.php(499): CodeIgniter\CodeIgniter->runController(Object(App\Controllers\Backend\FasilitasController))
 8 SYSTEMPATH\CodeIgniter.php(368): CodeIgniter\CodeIgniter->handleRequest(null, Object(Config\Cache), false)
 9 FCPATH\index.php(67): CodeIgniter\CodeIgniter->run()
CRITICAL - 2023-05-26 09:23:04 --> Attempt to assign property 'judul' of non-object
in APPPATH\Controllers\Backend\FasilitasController.php on line 88.
 1 APPPATH\Controllers\Backend\FasilitasController.php(88): CodeIgniter\Debug\Exceptions->errorHandler(2, 'Attempt to assign property \'judul\' of non-object', 'D:\\Ilham\\BTI-Projects\\landingpage-smart\\app\\Controllers\\Backend\\FasilitasController.php', 88, [...])
 2 SYSTEMPATH\CodeIgniter.php(934): App\Controllers\Backend\FasilitasController->update('4')
 3 SYSTEMPATH\CodeIgniter.php(499): CodeIgniter\CodeIgniter->runController(Object(App\Controllers\Backend\FasilitasController))
 4 SYSTEMPATH\CodeIgniter.php(368): CodeIgniter\CodeIgniter->handleRequest(null, Object(Config\Cache), false)
 5 FCPATH\index.php(67): CodeIgniter\CodeIgniter->run()
CRITICAL - 2023-05-26 09:29:27 --> Attempt to assign property 'judul' of non-object
in APPPATH\Controllers\Backend\FasilitasController.php on line 102.
 1 APPPATH\Controllers\Backend\FasilitasController.php(102): CodeIgniter\Debug\Exceptions->errorHandler(2, 'Attempt to assign property \'judul\' of non-object', 'D:\\Ilham\\BTI-Projects\\landingpage-smart\\app\\Controllers\\Backend\\FasilitasController.php', 102, [...])
 2 SYSTEMPATH\CodeIgniter.php(934): App\Controllers\Backend\FasilitasController->update('4')
 3 SYSTEMPATH\CodeIgniter.php(499): CodeIgniter\CodeIgniter->runController(Object(App\Controllers\Backend\FasilitasController))
 4 SYSTEMPATH\CodeIgniter.php(368): CodeIgniter\CodeIgniter->handleRequest(null, Object(Config\Cache), false)
 5 FCPATH\index.php(67): CodeIgniter\CodeIgniter->run()
CRITICAL - 2023-05-26 09:30:44 --> Class 'App\Entities\FasilitasEntity' not found
in SYSTEMPATH\Database\MySQLi\Result.php on line 154.
 1 [internal function]: CodeIgniter\Debug\Exceptions->shutdownHandler()
CRITICAL - 2023-05-26 09:30:45 --> Class 'App\Entities\FasilitasEntity' not found
in SYSTEMPATH\Database\MySQLi\Result.php on line 154.
 1 [internal function]: CodeIgniter\Debug\Exceptions->shutdownHandler()
CRITICAL - 2023-05-26 09:31:05 --> Class 'App\Entities\FasilitasEntity' not found
in SYSTEMPATH\Database\MySQLi\Result.php on line 154.
 1 [internal function]: CodeIgniter\Debug\Exceptions->shutdownHandler()
CRITICAL - 2023-05-26 09:31:21 --> Class 'App\Entities\FasilitasEntity' not found
in SYSTEMPATH\Database\MySQLi\Result.php on line 154.
 1 [internal function]: CodeIgniter\Debug\Exceptions->shutdownHandler()
CRITICAL - 2023-05-26 09:32:02 --> Class 'App\Entities\FasilitasEntity' not found
in SYSTEMPATH\Database\MySQLi\Result.php on line 154.
 1 [internal function]: CodeIgniter\Debug\Exceptions->shutdownHandler()
CRITICAL - 2023-05-26 09:36:46 --> Undefined variable: jenisProgram
in APPPATH\Views\backend\biaya\index.php on line 11.
 1 APPPATH\Views\backend\biaya\index.php(11): CodeIgniter\Debug\Exceptions->errorHandler(8, 'Undefined variable: jenisProgram', 'D:\\Ilham\\BTI-Projects\\landingpage-smart\\app\\Views\\backend\\biaya\\index.php', 11, [...])
 2 SYSTEMPATH\View\View.php(213): include('D:\\Ilham\\BTI-Projects\\landingpage-smart\\app\\Views\\backend\\biaya\\index.php')
 3 SYSTEMPATH\View\View.php(216): CodeIgniter\View\View->CodeIgniter\View\{closure}()
 4 SYSTEMPATH\Common.php(1184): CodeIgniter\View\View->render('backend/biaya/index', [], true)
 5 APPPATH\Controllers\Backend\BiayaController.php(14): view('backend/biaya/index', [...])
 6 SYSTEMPATH\CodeIgniter.php(934): App\Controllers\Backend\BiayaController->index()
 7 SYSTEMPATH\CodeIgniter.php(499): CodeIgniter\CodeIgniter->runController(Object(App\Controllers\Backend\BiayaController))
 8 SYSTEMPATH\CodeIgniter.php(368): CodeIgniter\CodeIgniter->handleRequest(null, Object(Config\Cache), false)
 9 FCPATH\index.php(67): CodeIgniter\CodeIgniter->run()
CRITICAL - 2023-05-26 09:36:57 --> Undefined variable: jenisProgram
in APPPATH\Views\backend\biaya\index.php on line 11.
 1 APPPATH\Views\backend\biaya\index.php(11): CodeIgniter\Debug\Exceptions->errorHandler(8, 'Undefined variable: jenisProgram', 'D:\\Ilham\\BTI-Projects\\landingpage-smart\\app\\Views\\backend\\biaya\\index.php', 11, [...])
 2 SYSTEMPATH\View\View.php(213): include('D:\\Ilham\\BTI-Projects\\landingpage-smart\\app\\Views\\backend\\biaya\\index.php')
 3 SYSTEMPATH\View\View.php(216): CodeIgniter\View\View->CodeIgniter\View\{closure}()
 4 SYSTEMPATH\Common.php(1184): CodeIgniter\View\View->render('backend/biaya/index', [], true)
 5 APPPATH\Controllers\Backend\BiayaController.php(14): view('backend/biaya/index', [...])
 6 SYSTEMPATH\CodeIgniter.php(934): App\Controllers\Backend\BiayaController->index()
 7 SYSTEMPATH\CodeIgniter.php(499): CodeIgniter\CodeIgniter->runController(Object(App\Controllers\Backend\BiayaController))
 8 SYSTEMPATH\CodeIgniter.php(368): CodeIgniter\CodeIgniter->handleRequest(null, Object(Config\Cache), false)
 9 FCPATH\index.php(67): CodeIgniter\CodeIgniter->run()
CRITICAL - 2023-05-26 09:43:40 --> Undefined index: content
in APPPATH\Views\backend\biaya\index.php on line 61.
 1 APPPATH\Views\backend\biaya\index.php(61): CodeIgniter\Debug\Exceptions->errorHandler(8, 'Undefined index: content', 'D:\\Ilham\\BTI-Projects\\landingpage-smart\\app\\Views\\backend\\biaya\\index.php', 61, [...])
 2 SYSTEMPATH\View\View.php(213): include('D:\\Ilham\\BTI-Projects\\landingpage-smart\\app\\Views\\backend\\biaya\\index.php')
 3 SYSTEMPATH\View\View.php(216): CodeIgniter\View\View->CodeIgniter\View\{closure}()
 4 SYSTEMPATH\Common.php(1184): CodeIgniter\View\View->render('backend/biaya/index', [], true)
 5 APPPATH\Controllers\Backend\BiayaController.php(15): view('backend/biaya/index', [...])
 6 SYSTEMPATH\CodeIgniter.php(934): App\Controllers\Backend\BiayaController->index()
 7 SYSTEMPATH\CodeIgniter.php(499): CodeIgniter\CodeIgniter->runController(Object(App\Controllers\Backend\BiayaController))
 8 SYSTEMPATH\CodeIgniter.php(368): CodeIgniter\CodeIgniter->handleRequest(null, Object(Config\Cache), false)
 9 FCPATH\index.php(67): CodeIgniter\CodeIgniter->run()
CRITICAL - 2023-05-26 09:48:07 --> Undefined index: content
in APPPATH\Views\backend\biaya\index.php on line 61.
 1 APPPATH\Views\backend\biaya\index.php(61): CodeIgniter\Debug\Exceptions->errorHandler(8, 'Undefined index: content', 'D:\\Ilham\\BTI-Projects\\landingpage-smart\\app\\Views\\backend\\biaya\\index.php', 61, [...])
 2 SYSTEMPATH\View\View.php(213): include('D:\\Ilham\\BTI-Projects\\landingpage-smart\\app\\Views\\backend\\biaya\\index.php')
 3 SYSTEMPATH\View\View.php(216): CodeIgniter\View\View->CodeIgniter\View\{closure}()
 4 SYSTEMPATH\Common.php(1184): CodeIgniter\View\View->render('backend/biaya/index', [], true)
 5 APPPATH\Controllers\Backend\BiayaController.php(15): view('backend/biaya/index', [...])
 6 SYSTEMPATH\CodeIgniter.php(934): App\Controllers\Backend\BiayaController->index()
 7 SYSTEMPATH\CodeIgniter.php(499): CodeIgniter\CodeIgniter->runController(Object(App\Controllers\Backend\BiayaController))
 8 SYSTEMPATH\CodeIgniter.php(368): CodeIgniter\CodeIgniter->handleRequest(null, Object(Config\Cache), false)
 9 FCPATH\index.php(67): CodeIgniter\CodeIgniter->run()
CRITICAL - 2023-05-26 09:50:21 --> compact(): Undefined variable: tipePerkuliahan
in APPPATH\Controllers\Backend\BiayaController.php on line 14.
 1 [internal function]: CodeIgniter\Debug\Exceptions->errorHandler(8, 'compact(): Undefined variable: tipePerkuliahan', 'D:\\Ilham\\BTI-Projects\\landingpage-smart\\app\\Controllers\\Backend\\BiayaController.php', 14, [...])
 2 APPPATH\Controllers\Backend\BiayaController.php(14): compact('biaya', 'tipePerkuliahan')
 3 SYSTEMPATH\CodeIgniter.php(934): App\Controllers\Backend\BiayaController->index()
 4 SYSTEMPATH\CodeIgniter.php(499): CodeIgniter\CodeIgniter->runController(Object(App\Controllers\Backend\BiayaController))
 5 SYSTEMPATH\CodeIgniter.php(368): CodeIgniter\CodeIgniter->handleRequest(null, Object(Config\Cache), false)
 6 FCPATH\index.php(67): CodeIgniter\CodeIgniter->run()
CRITICAL - 2023-05-26 09:50:55 --> compact(): Undefined variable: tipePerkuliahan
in APPPATH\Controllers\Backend\BiayaController.php on line 14.
 1 [internal function]: CodeIgniter\Debug\Exceptions->errorHandler(8, 'compact(): Undefined variable: tipePerkuliahan', 'D:\\Ilham\\BTI-Projects\\landingpage-smart\\app\\Controllers\\Backend\\BiayaController.php', 14, [...])
 2 APPPATH\Controllers\Backend\BiayaController.php(14): compact('biaya', 'tipePerkuliahan')
 3 SYSTEMPATH\CodeIgniter.php(934): App\Controllers\Backend\BiayaController->index()
 4 SYSTEMPATH\CodeIgniter.php(499): CodeIgniter\CodeIgniter->runController(Object(App\Controllers\Backend\BiayaController))
 5 SYSTEMPATH\CodeIgniter.php(368): CodeIgniter\CodeIgniter->handleRequest(null, Object(Config\Cache), false)
 6 FCPATH\index.php(67): CodeIgniter\CodeIgniter->run()
